{"/Users/nicks-bro/Desktop/ah-frontend-space copy/src/App.js": {"path":"/Users/nicks-bro/Desktop/ah-frontend-space copy/src/App.js","statementMap":{"0":{"start":{"line":11,"column":4},"end":{"line":16,"column":6}}},"fnMap":{"0":{"name":"(anonymous_0)","decl":{"start":{"line":10,"column":2},"end":{"line":10,"column":3}},"loc":{"start":{"line":10,"column":11},"end":{"line":17,"column":3}},"line":10}},"branchMap":{},"s":{"0":1},"f":{"0":1},"b":{},"_coverageSchema":"43e27e138ebf9cfc5966b082cf9a028302ed4184","hash":"1d51b5846191ca232c953ac724405ed167c300cb"}
,"/Users/nicks-bro/Desktop/ah-frontend-space copy/src/index.js": {"path":"/Users/nicks-bro/Desktop/ah-frontend-space copy/src/index.js","statementMap":{},"fnMap":{},"branchMap":{},"s":{},"f":{},"b":{},"_coverageSchema":"43e27e138ebf9cfc5966b082cf9a028302ed4184","hash":"6cbc6cb47470d95b9a080e112b159635076b7d84"}
,"/Users/nicks-bro/Desktop/ah-frontend-space copy/src/store.js": {"path":"/Users/nicks-bro/Desktop/ah-frontend-space copy/src/store.js","statementMap":{"0":{"start":{"line":6,"column":21},"end":{"line":6,"column":23}},"1":{"start":{"line":7,"column":19},"end":{"line":7,"column":26}},"2":{"start":{"line":8,"column":14},"end":{"line":12,"column":1}}},"fnMap":{},"branchMap":{},"s":{"0":2,"1":2,"2":2},"f":{},"b":{},"_coverageSchema":"43e27e138ebf9cfc5966b082cf9a028302ed4184","hash":"aaa5b24087689aa9f2da4a1229ae942d57086284"}
,"/Users/nicks-bro/Desktop/ah-frontend-space copy/src/__test__/mock/data.js": {"path":"/Users/nicks-bro/Desktop/ah-frontend-space copy/src/__test__/mock/data.js","statementMap":{"0":{"start":{"line":1,"column":20},"end":{"line":7,"column":1}},"1":{"start":{"line":9,"column":20},"end":{"line":12,"column":1}},"2":{"start":{"line":14,"column":22},"end":{"line":18,"column":1}},"3":{"start":{"line":20,"column":21},"end":{"line":20,"column":23}},"4":{"start":{"line":22,"column":30},"end":{"line":27,"column":1}}},"fnMap":{},"branchMap":{},"s":{"0":4,"1":4,"2":4,"3":4,"4":4},"f":{},"b":{},"_coverageSchema":"43e27e138ebf9cfc5966b082cf9a028302ed4184","hash":"b4b94a5acea335c94a3ebea233b88eafdcc1e79e"}
,"/Users/nicks-bro/Desktop/ah-frontend-space copy/src/actions/FirstAction.js": {"path":"/Users/nicks-bro/Desktop/ah-frontend-space copy/src/actions/FirstAction.js","statementMap":{"0":{"start":{"line":3,"column":20},"end":{"line":6,"column":2}},"1":{"start":{"line":3,"column":27},"end":{"line":6,"column":1}}},"fnMap":{"0":{"name":"(anonymous_0)","decl":{"start":{"line":3,"column":20},"end":{"line":3,"column":21}},"loc":{"start":{"line":3,"column":27},"end":{"line":6,"column":1}},"line":3}},"branchMap":{},"s":{"0":5,"1":1},"f":{"0":1},"b":{},"_coverageSchema":"43e27e138ebf9cfc5966b082cf9a028302ed4184","hash":"5dc31e5645c80dc34f025018bfd2430cc31c50f4"}
,"/Users/nicks-bro/Desktop/ah-frontend-space copy/src/actions/profileActions.js": {"path":"/Users/nicks-bro/Desktop/ah-frontend-space copy/src/actions/profileActions.js","statementMap":{"0":{"start":{"line":5,"column":26},"end":{"line":5,"column":53}},"1":{"start":{"line":5,"column":33},"end":{"line":5,"column":52}},"2":{"start":{"line":7,"column":27},"end":{"line":7,"column":73}},"3":{"start":{"line":7,"column":39},"end":{"line":7,"column":72}},"4":{"start":{"line":9,"column":22},"end":{"line":9,"column":58}},"5":{"start":{"line":9,"column":32},"end":{"line":9,"column":57}},"6":{"start":{"line":11,"column":27},"end":{"line":11,"column":73}},"7":{"start":{"line":11,"column":39},"end":{"line":11,"column":72}},"8":{"start":{"line":14,"column":28},"end":{"line":32,"column":1}},"9":{"start":{"line":14,"column":37},"end":{"line":32,"column":1}},"10":{"start":{"line":15,"column":2},"end":{"line":15,"column":37}},"11":{"start":{"line":16,"column":2},"end":{"line":16,"column":34}},"12":{"start":{"line":17,"column":2},"end":{"line":31,"column":7}},"13":{"start":{"line":26,"column":6},"end":{"line":26,"column":43}},"14":{"start":{"line":29,"column":6},"end":{"line":29,"column":44}},"15":{"start":{"line":30,"column":6},"end":{"line":30,"column":35}},"16":{"start":{"line":34,"column":31},"end":{"line":60,"column":4}},"17":{"start":{"line":34,"column":56},"end":{"line":60,"column":4}},"18":{"start":{"line":34,"column":74},"end":{"line":60,"column":4}},"19":{"start":{"line":45,"column":4},"end":{"line":45,"column":49}},"20":{"start":{"line":46,"column":4},"end":{"line":46,"column":20}},"21":{"start":{"line":47,"column":4},"end":{"line":51,"column":7}},"22":{"start":{"line":54,"column":4},"end":{"line":58,"column":7}},"23":{"start":{"line":59,"column":4},"end":{"line":59,"column":37}}},"fnMap":{"0":{"name":"(anonymous_0)","decl":{"start":{"line":5,"column":26},"end":{"line":5,"column":27}},"loc":{"start":{"line":5,"column":33},"end":{"line":5,"column":52}},"line":5},"1":{"name":"(anonymous_1)","decl":{"start":{"line":7,"column":27},"end":{"line":7,"column":28}},"loc":{"start":{"line":7,"column":39},"end":{"line":7,"column":72}},"line":7},"2":{"name":"(anonymous_2)","decl":{"start":{"line":9,"column":22},"end":{"line":9,"column":23}},"loc":{"start":{"line":9,"column":32},"end":{"line":9,"column":57}},"line":9},"3":{"name":"(anonymous_3)","decl":{"start":{"line":11,"column":27},"end":{"line":11,"column":28}},"loc":{"start":{"line":11,"column":39},"end":{"line":11,"column":72}},"line":11},"4":{"name":"(anonymous_4)","decl":{"start":{"line":14,"column":28},"end":{"line":14,"column":29}},"loc":{"start":{"line":14,"column":37},"end":{"line":32,"column":1}},"line":14},"5":{"name":"(anonymous_5)","decl":{"start":{"line":14,"column":37},"end":{"line":14,"column":38}},"loc":{"start":{"line":14,"column":57},"end":{"line":32,"column":1}},"line":14},"6":{"name":"(anonymous_6)","decl":{"start":{"line":25,"column":10},"end":{"line":25,"column":11}},"loc":{"start":{"line":25,"column":24},"end":{"line":27,"column":5}},"line":25},"7":{"name":"(anonymous_7)","decl":{"start":{"line":28,"column":11},"end":{"line":28,"column":12}},"loc":{"start":{"line":28,"column":22},"end":{"line":31,"column":5}},"line":28},"8":{"name":"(anonymous_8)","decl":{"start":{"line":34,"column":31},"end":{"line":34,"column":32}},"loc":{"start":{"line":34,"column":56},"end":{"line":60,"column":4}},"line":34},"9":{"name":"(anonymous_9)","decl":{"start":{"line":34,"column":56},"end":{"line":34,"column":57}},"loc":{"start":{"line":34,"column":74},"end":{"line":60,"column":4}},"line":34},"10":{"name":"(anonymous_10)","decl":{"start":{"line":44,"column":8},"end":{"line":44,"column":9}},"loc":{"start":{"line":44,"column":22},"end":{"line":52,"column":3}},"line":44},"11":{"name":"(anonymous_11)","decl":{"start":{"line":53,"column":9},"end":{"line":53,"column":10}},"loc":{"start":{"line":53,"column":20},"end":{"line":60,"column":3}},"line":53}},"branchMap":{},"s":{"0":7,"1":0,"2":7,"3":1,"4":7,"5":2,"6":7,"7":1,"8":7,"9":2,"10":2,"11":2,"12":2,"13":1,"14":1,"15":1,"16":7,"17":2,"18":2,"19":1,"20":1,"21":1,"22":1,"23":1},"f":{"0":0,"1":1,"2":2,"3":1,"4":2,"5":2,"6":1,"7":1,"8":2,"9":2,"10":1,"11":1},"b":{},"_coverageSchema":"43e27e138ebf9cfc5966b082cf9a028302ed4184","hash":"80c4037640e3779c6e9801e5b7c9259e08f0bcd2"}
,"/Users/nicks-bro/Desktop/ah-frontend-space copy/src/actions/signupAction.js": {"path":"/Users/nicks-bro/Desktop/ah-frontend-space copy/src/actions/signupAction.js","statementMap":{"0":{"start":{"line":5,"column":28},"end":{"line":8,"column":2}},"1":{"start":{"line":5,"column":35},"end":{"line":8,"column":1}},"2":{"start":{"line":10,"column":34},"end":{"line":13,"column":2}},"3":{"start":{"line":10,"column":47},"end":{"line":13,"column":1}},"4":{"start":{"line":15,"column":35},"end":{"line":18,"column":2}},"5":{"start":{"line":15,"column":45},"end":{"line":18,"column":1}},"6":{"start":{"line":20,"column":28},"end":{"line":45,"column":1}},"7":{"start":{"line":20,"column":39},"end":{"line":45,"column":1}},"8":{"start":{"line":21,"column":2},"end":{"line":21,"column":27}},"9":{"start":{"line":22,"column":2},"end":{"line":44,"column":5}},"10":{"start":{"line":25,"column":4},"end":{"line":25,"column":20}},"11":{"start":{"line":26,"column":4},"end":{"line":26,"column":43}},"12":{"start":{"line":27,"column":4},"end":{"line":30,"column":7}},"13":{"start":{"line":32,"column":4},"end":{"line":32,"column":20}},"14":{"start":{"line":33,"column":4},"end":{"line":33,"column":41}},"15":{"start":{"line":34,"column":4},"end":{"line":43,"column":5}},"16":{"start":{"line":39,"column":6},"end":{"line":42,"column":9}}},"fnMap":{"0":{"name":"(anonymous_0)","decl":{"start":{"line":5,"column":28},"end":{"line":5,"column":29}},"loc":{"start":{"line":5,"column":35},"end":{"line":8,"column":1}},"line":5},"1":{"name":"(anonymous_1)","decl":{"start":{"line":10,"column":34},"end":{"line":10,"column":35}},"loc":{"start":{"line":10,"column":47},"end":{"line":13,"column":1}},"line":10},"2":{"name":"(anonymous_2)","decl":{"start":{"line":15,"column":35},"end":{"line":15,"column":36}},"loc":{"start":{"line":15,"column":45},"end":{"line":18,"column":1}},"line":15},"3":{"name":"(anonymous_3)","decl":{"start":{"line":20,"column":28},"end":{"line":20,"column":29}},"loc":{"start":{"line":20,"column":39},"end":{"line":45,"column":1}},"line":20},"4":{"name":"(anonymous_4)","decl":{"start":{"line":20,"column":39},"end":{"line":20,"column":40}},"loc":{"start":{"line":20,"column":53},"end":{"line":45,"column":1}},"line":20},"5":{"name":"(anonymous_5)","decl":{"start":{"line":24,"column":9},"end":{"line":24,"column":10}},"loc":{"start":{"line":24,"column":23},"end":{"line":31,"column":3}},"line":24},"6":{"name":"(anonymous_6)","decl":{"start":{"line":31,"column":11},"end":{"line":31,"column":12}},"loc":{"start":{"line":31,"column":22},"end":{"line":44,"column":3}},"line":31}},"branchMap":{},"s":{"0":5,"1":2,"2":5,"3":1,"4":5,"5":1,"6":5,"7":2,"8":2,"9":2,"10":1,"11":1,"12":1,"13":1,"14":1,"15":1,"16":1},"f":{"0":2,"1":1,"2":1,"3":2,"4":2,"5":1,"6":1},"b":{},"_coverageSchema":"43e27e138ebf9cfc5966b082cf9a028302ed4184","hash":"8a56eb23e5ba081d656c46d73cc7e863dc098819"}
,"/Users/nicks-bro/Desktop/ah-frontend-space copy/src/actions/socialAuthActions.js": {"path":"/Users/nicks-bro/Desktop/ah-frontend-space copy/src/actions/socialAuthActions.js","statementMap":{"0":{"start":{"line":6,"column":26},"end":{"line":34,"column":5}},"1":{"start":{"line":6,"column":41},"end":{"line":34,"column":5}},"2":{"start":{"line":7,"column":19},"end":{"line":9,"column":7}},"3":{"start":{"line":10,"column":6},"end":{"line":33,"column":11}},"4":{"start":{"line":13,"column":50},"end":{"line":13,"column":54}},"5":{"start":{"line":14,"column":12},"end":{"line":14,"column":51}},"6":{"start":{"line":15,"column":12},"end":{"line":15,"column":55}},"7":{"start":{"line":17,"column":12},"end":{"line":20,"column":15}},"8":{"start":{"line":21,"column":12},"end":{"line":24,"column":15}},"9":{"start":{"line":29,"column":10},"end":{"line":32,"column":13}},"10":{"start":{"line":36,"column":28},"end":{"line":66,"column":5}},"11":{"start":{"line":36,"column":37},"end":{"line":66,"column":5}},"12":{"start":{"line":37,"column":19},"end":{"line":39,"column":7}},"13":{"start":{"line":41,"column":6},"end":{"line":65,"column":11}},"14":{"start":{"line":44,"column":50},"end":{"line":44,"column":54}},"15":{"start":{"line":45,"column":12},"end":{"line":45,"column":51}},"16":{"start":{"line":46,"column":12},"end":{"line":46,"column":55}},"17":{"start":{"line":48,"column":12},"end":{"line":51,"column":15}},"18":{"start":{"line":53,"column":12},"end":{"line":56,"column":15}},"19":{"start":{"line":61,"column":10},"end":{"line":64,"column":13}}},"fnMap":{"0":{"name":"(anonymous_0)","decl":{"start":{"line":6,"column":26},"end":{"line":6,"column":27}},"loc":{"start":{"line":6,"column":41},"end":{"line":34,"column":5}},"line":6},"1":{"name":"(anonymous_1)","decl":{"start":{"line":6,"column":41},"end":{"line":6,"column":42}},"loc":{"start":{"line":6,"column":55},"end":{"line":34,"column":5}},"line":6},"2":{"name":"(anonymous_2)","decl":{"start":{"line":12,"column":10},"end":{"line":12,"column":11}},"loc":{"start":{"line":12,"column":20},"end":{"line":25,"column":11}},"line":12},"3":{"name":"(anonymous_3)","decl":{"start":{"line":28,"column":15},"end":{"line":28,"column":16}},"loc":{"start":{"line":28,"column":26},"end":{"line":33,"column":9}},"line":28},"4":{"name":"(anonymous_4)","decl":{"start":{"line":36,"column":28},"end":{"line":36,"column":29}},"loc":{"start":{"line":36,"column":37},"end":{"line":66,"column":5}},"line":36},"5":{"name":"(anonymous_5)","decl":{"start":{"line":36,"column":37},"end":{"line":36,"column":38}},"loc":{"start":{"line":36,"column":51},"end":{"line":66,"column":5}},"line":36},"6":{"name":"(anonymous_6)","decl":{"start":{"line":43,"column":10},"end":{"line":43,"column":11}},"loc":{"start":{"line":43,"column":20},"end":{"line":57,"column":11}},"line":43},"7":{"name":"(anonymous_7)","decl":{"start":{"line":60,"column":15},"end":{"line":60,"column":16}},"loc":{"start":{"line":60,"column":26},"end":{"line":65,"column":9}},"line":60}},"branchMap":{},"s":{"0":8,"1":2,"2":2,"3":2,"4":1,"5":1,"6":1,"7":1,"8":1,"9":1,"10":8,"11":2,"12":2,"13":2,"14":1,"15":1,"16":1,"17":1,"18":1,"19":1},"f":{"0":2,"1":2,"2":1,"3":1,"4":2,"5":2,"6":1,"7":1},"b":{},"_coverageSchema":"43e27e138ebf9cfc5966b082cf9a028302ed4184","hash":"a8c116deac56ee6643c9f2233e324ff70c1dbf6b"}
,"/Users/nicks-bro/Desktop/ah-frontend-space copy/src/actions/types.js": {"path":"/Users/nicks-bro/Desktop/ah-frontend-space copy/src/actions/types.js","statementMap":{"0":{"start":{"line":1,"column":25},"end":{"line":3,"column":1}},"1":{"start":{"line":5,"column":22},"end":{"line":8,"column":1}},"2":{"start":{"line":10,"column":24},"end":{"line":13,"column":1}},"3":{"start":{"line":14,"column":29},"end":{"line":14,"column":44}},"4":{"start":{"line":15,"column":36},"end":{"line":15,"column":59}},"5":{"start":{"line":16,"column":37},"end":{"line":16,"column":60}},"6":{"start":{"line":18,"column":27},"end":{"line":23,"column":1}},"7":{"start":{"line":25,"column":29},"end":{"line":30,"column":1}},"8":{"start":{"line":32,"column":34},"end":{"line":35,"column":1}},"9":{"start":{"line":37,"column":40},"end":{"line":40,"column":1}}},"fnMap":{},"branchMap":{},"s":{"0":27,"1":27,"2":27,"3":27,"4":27,"5":27,"6":27,"7":27,"8":27,"9":27},"f":{},"b":{},"_coverageSchema":"43e27e138ebf9cfc5966b082cf9a028302ed4184","hash":"e1f5235c43f7419d79b61d27dc5010e33188ddaf"}
,"/Users/nicks-bro/Desktop/ah-frontend-space copy/src/actions/apiActions/apiStatusActions.js": {"path":"/Users/nicks-bro/Desktop/ah-frontend-space copy/src/actions/apiActions/apiStatusActions.js","statementMap":{"0":{"start":{"line":4,"column":2},"end":{"line":4,"column":43}},"1":{"start":{"line":8,"column":2},"end":{"line":8,"column":43}}},"fnMap":{"0":{"name":"apiCallStart","decl":{"start":{"line":3,"column":16},"end":{"line":3,"column":28}},"loc":{"start":{"line":3,"column":31},"end":{"line":5,"column":1}},"line":3},"1":{"name":"apiCallError","decl":{"start":{"line":7,"column":16},"end":{"line":7,"column":28}},"loc":{"start":{"line":7,"column":31},"end":{"line":9,"column":1}},"line":7}},"branchMap":{},"s":{"0":6,"1":3},"f":{"0":6,"1":3},"b":{},"_coverageSchema":"43e27e138ebf9cfc5966b082cf9a028302ed4184","hash":"17db7a4be512b024c3882b1cbc604da64a04f4ab"}
,"/Users/nicks-bro/Desktop/ah-frontend-space copy/src/actions/apiActions/apiUtils.js": {"path":"/Users/nicks-bro/Desktop/ah-frontend-space copy/src/actions/apiActions/apiUtils.js","statementMap":{"0":{"start":{"line":2,"column":2},"end":{"line":2,"column":18}},"1":{"start":{"line":6,"column":2},"end":{"line":6,"column":14}}},"fnMap":{"0":{"name":"handleResponse","decl":{"start":{"line":1,"column":16},"end":{"line":1,"column":30}},"loc":{"start":{"line":1,"column":41},"end":{"line":3,"column":1}},"line":1},"1":{"name":"handleError","decl":{"start":{"line":5,"column":16},"end":{"line":5,"column":27}},"loc":{"start":{"line":5,"column":35},"end":{"line":7,"column":1}},"line":5}},"branchMap":{},"s":{"0":6,"1":5},"f":{"0":6,"1":5},"b":{},"_coverageSchema":"43e27e138ebf9cfc5966b082cf9a028302ed4184","hash":"d1f02dee00387b2ca87fe675b724e92a1ed56333"}
,"/Users/nicks-bro/Desktop/ah-frontend-space copy/src/actions/articleActions/articleDetailActions.js": {"path":"/Users/nicks-bro/Desktop/ah-frontend-space copy/src/actions/articleActions/articleDetailActions.js","statementMap":{"0":{"start":{"line":4,"column":28},"end":{"line":19,"column":4}},"1":{"start":{"line":4,"column":36},"end":{"line":19,"column":4}},"2":{"start":{"line":4,"column":48},"end":{"line":19,"column":4}},"3":{"start":{"line":7,"column":6},"end":{"line":10,"column":9}},"4":{"start":{"line":15,"column":4},"end":{"line":18,"column":7}}},"fnMap":{"0":{"name":"(anonymous_0)","decl":{"start":{"line":4,"column":28},"end":{"line":4,"column":29}},"loc":{"start":{"line":4,"column":36},"end":{"line":19,"column":4}},"line":4},"1":{"name":"(anonymous_1)","decl":{"start":{"line":4,"column":36},"end":{"line":4,"column":37}},"loc":{"start":{"line":4,"column":48},"end":{"line":19,"column":4}},"line":4},"2":{"name":"(anonymous_2)","decl":{"start":{"line":6,"column":4},"end":{"line":6,"column":5}},"loc":{"start":{"line":6,"column":14},"end":{"line":11,"column":5}},"line":6},"3":{"name":"(anonymous_3)","decl":{"start":{"line":14,"column":9},"end":{"line":14,"column":10}},"loc":{"start":{"line":14,"column":20},"end":{"line":19,"column":3}},"line":14}},"branchMap":{},"s":{"0":5,"1":2,"2":2,"3":1,"4":1},"f":{"0":2,"1":2,"2":1,"3":1},"b":{},"_coverageSchema":"43e27e138ebf9cfc5966b082cf9a028302ed4184","hash":"a0e9cf81ee63c99dc8737fcdde8528054e91dd19"}
,"/Users/nicks-bro/Desktop/ah-frontend-space copy/src/actions/articleActions/index.js": {"path":"/Users/nicks-bro/Desktop/ah-frontend-space copy/src/actions/articleActions/index.js","statementMap":{"0":{"start":{"line":5,"column":22},"end":{"line":20,"column":4}},"1":{"start":{"line":5,"column":28},"end":{"line":20,"column":4}},"2":{"start":{"line":5,"column":40},"end":{"line":20,"column":4}},"3":{"start":{"line":8,"column":6},"end":{"line":11,"column":9}},"4":{"start":{"line":16,"column":4},"end":{"line":19,"column":7}}},"fnMap":{"0":{"name":"(anonymous_0)","decl":{"start":{"line":5,"column":22},"end":{"line":5,"column":23}},"loc":{"start":{"line":5,"column":28},"end":{"line":20,"column":4}},"line":5},"1":{"name":"(anonymous_1)","decl":{"start":{"line":5,"column":28},"end":{"line":5,"column":29}},"loc":{"start":{"line":5,"column":40},"end":{"line":20,"column":4}},"line":5},"2":{"name":"(anonymous_2)","decl":{"start":{"line":7,"column":4},"end":{"line":7,"column":5}},"loc":{"start":{"line":7,"column":14},"end":{"line":12,"column":5}},"line":7},"3":{"name":"(anonymous_3)","decl":{"start":{"line":15,"column":9},"end":{"line":15,"column":10}},"loc":{"start":{"line":15,"column":20},"end":{"line":20,"column":3}},"line":15}},"branchMap":{},"s":{"0":5,"1":2,"2":2,"3":1,"4":1},"f":{"0":2,"1":2,"2":1,"3":1},"b":{},"_coverageSchema":"43e27e138ebf9cfc5966b082cf9a028302ed4184","hash":"729af21316487f812e6306f5bfc0e4f99cf57409"}
,"/Users/nicks-bro/Desktop/ah-frontend-space copy/src/actions/passwordResetActions/passwordResetActions.js": {"path":"/Users/nicks-bro/Desktop/ah-frontend-space copy/src/actions/passwordResetActions/passwordResetActions.js","statementMap":{"0":{"start":{"line":8,"column":2},"end":{"line":8,"column":55}},"1":{"start":{"line":12,"column":2},"end":{"line":12,"column":56}},"2":{"start":{"line":16,"column":2},"end":{"line":16,"column":56}},"3":{"start":{"line":20,"column":2},"end":{"line":20,"column":18}},"4":{"start":{"line":21,"column":25},"end":{"line":21,"column":108}},"5":{"start":{"line":22,"column":2},"end":{"line":36,"column":4}},"6":{"start":{"line":23,"column":4},"end":{"line":23,"column":43}},"7":{"start":{"line":24,"column":4},"end":{"line":35,"column":9}},"8":{"start":{"line":27,"column":8},"end":{"line":27,"column":40}},"9":{"start":{"line":28,"column":8},"end":{"line":30,"column":11}},"10":{"start":{"line":33,"column":8},"end":{"line":33,"column":73}},"11":{"start":{"line":34,"column":8},"end":{"line":34,"column":93}},"12":{"start":{"line":40,"column":2},"end":{"line":40,"column":18}},"13":{"start":{"line":41,"column":25},"end":{"line":41,"column":96}},"14":{"start":{"line":42,"column":2},"end":{"line":56,"column":4}},"15":{"start":{"line":43,"column":4},"end":{"line":43,"column":43}},"16":{"start":{"line":44,"column":4},"end":{"line":55,"column":9}},"17":{"start":{"line":47,"column":8},"end":{"line":47,"column":41}},"18":{"start":{"line":48,"column":8},"end":{"line":50,"column":11}},"19":{"start":{"line":53,"column":8},"end":{"line":53,"column":73}},"20":{"start":{"line":54,"column":8},"end":{"line":54,"column":62}}},"fnMap":{"0":{"name":"confirmEmailSuccess","decl":{"start":{"line":7,"column":16},"end":{"line":7,"column":35}},"loc":{"start":{"line":7,"column":38},"end":{"line":9,"column":1}},"line":7},"1":{"name":"resetPasswordSuccess","decl":{"start":{"line":11,"column":16},"end":{"line":11,"column":36}},"loc":{"start":{"line":11,"column":39},"end":{"line":13,"column":1}},"line":11},"2":{"name":"resetPasswordFailure","decl":{"start":{"line":15,"column":16},"end":{"line":15,"column":36}},"loc":{"start":{"line":15,"column":39},"end":{"line":17,"column":1}},"line":15},"3":{"name":"confirmEmail","decl":{"start":{"line":19,"column":16},"end":{"line":19,"column":28}},"loc":{"start":{"line":19,"column":35},"end":{"line":37,"column":1}},"line":19},"4":{"name":"(anonymous_4)","decl":{"start":{"line":22,"column":9},"end":{"line":22,"column":10}},"loc":{"start":{"line":22,"column":29},"end":{"line":36,"column":3}},"line":22},"5":{"name":"(anonymous_5)","decl":{"start":{"line":26,"column":12},"end":{"line":26,"column":13}},"loc":{"start":{"line":26,"column":18},"end":{"line":31,"column":7}},"line":26},"6":{"name":"(anonymous_6)","decl":{"start":{"line":32,"column":13},"end":{"line":32,"column":14}},"loc":{"start":{"line":32,"column":24},"end":{"line":35,"column":7}},"line":32},"7":{"name":"resetPasswordCall","decl":{"start":{"line":39,"column":16},"end":{"line":39,"column":33}},"loc":{"start":{"line":39,"column":45},"end":{"line":57,"column":1}},"line":39},"8":{"name":"(anonymous_8)","decl":{"start":{"line":42,"column":9},"end":{"line":42,"column":10}},"loc":{"start":{"line":42,"column":29},"end":{"line":56,"column":3}},"line":42},"9":{"name":"(anonymous_9)","decl":{"start":{"line":46,"column":12},"end":{"line":46,"column":13}},"loc":{"start":{"line":46,"column":18},"end":{"line":51,"column":7}},"line":46},"10":{"name":"(anonymous_10)","decl":{"start":{"line":52,"column":13},"end":{"line":52,"column":14}},"loc":{"start":{"line":52,"column":24},"end":{"line":55,"column":7}},"line":52}},"branchMap":{},"s":{"0":4,"1":4,"2":2,"3":2,"4":2,"5":2,"6":2,"7":2,"8":1,"9":1,"10":1,"11":1,"12":2,"13":2,"14":2,"15":2,"16":2,"17":1,"18":1,"19":1,"20":0},"f":{"0":4,"1":4,"2":2,"3":2,"4":2,"5":1,"6":1,"7":2,"8":2,"9":1,"10":1},"b":{},"_coverageSchema":"43e27e138ebf9cfc5966b082cf9a028302ed4184","hash":"47174930ba1e1e151268b77aed101a62ee4f5561"}
,"/Users/nicks-bro/Desktop/ah-frontend-space copy/src/actions/passwordResetActions/passwordResetApi.js": {"path":"/Users/nicks-bro/Desktop/ah-frontend-space copy/src/actions/passwordResetActions/passwordResetApi.js","statementMap":{"0":{"start":{"line":5,"column":24},"end":{"line":5,"column":68}},"1":{"start":{"line":8,"column":2},"end":{"line":16,"column":3}},"2":{"start":{"line":9,"column":21},"end":{"line":12,"column":8}},"3":{"start":{"line":13,"column":4},"end":{"line":13,"column":36}},"4":{"start":{"line":15,"column":4},"end":{"line":15,"column":30}},"5":{"start":{"line":20,"column":2},"end":{"line":34,"column":3}},"6":{"start":{"line":21,"column":57},"end":{"line":21,"column":66}},"7":{"start":{"line":22,"column":16},"end":{"line":22,"column":51}},"8":{"start":{"line":23,"column":19},"end":{"line":23,"column":34}},"9":{"start":{"line":24,"column":18},"end":{"line":24,"column":33}},"10":{"start":{"line":25,"column":29},"end":{"line":25,"column":82}},"11":{"start":{"line":26,"column":21},"end":{"line":30,"column":8}},"12":{"start":{"line":31,"column":4},"end":{"line":31,"column":36}},"13":{"start":{"line":33,"column":4},"end":{"line":33,"column":30}}},"fnMap":{"0":{"name":"confirmEmail","decl":{"start":{"line":7,"column":22},"end":{"line":7,"column":34}},"loc":{"start":{"line":7,"column":41},"end":{"line":17,"column":1}},"line":7},"1":{"name":"resetPassword","decl":{"start":{"line":19,"column":22},"end":{"line":19,"column":35}},"loc":{"start":{"line":19,"column":47},"end":{"line":35,"column":1}},"line":19}},"branchMap":{},"s":{"0":8,"1":2,"2":2,"3":1,"4":1,"5":3,"6":3,"7":2,"8":2,"9":2,"10":2,"11":2,"12":2,"13":1},"f":{"0":2,"1":3},"b":{},"_coverageSchema":"43e27e138ebf9cfc5966b082cf9a028302ed4184","hash":"c827e8fce90eddecce005492ef800486118eb1e5"}
,"/Users/nicks-bro/Desktop/ah-frontend-space copy/src/actions/siginInActions/signInActions.js": {"path":"/Users/nicks-bro/Desktop/ah-frontend-space copy/src/actions/siginInActions/signInActions.js","statementMap":{"0":{"start":{"line":8,"column":2},"end":{"line":8,"column":47}},"1":{"start":{"line":12,"column":2},"end":{"line":12,"column":48}},"2":{"start":{"line":16,"column":2},"end":{"line":33,"column":4}},"3":{"start":{"line":17,"column":4},"end":{"line":17,"column":43}},"4":{"start":{"line":18,"column":4},"end":{"line":32,"column":9}},"5":{"start":{"line":21,"column":27},"end":{"line":21,"column":31}},"6":{"start":{"line":22,"column":8},"end":{"line":22,"column":45}},"7":{"start":{"line":23,"column":8},"end":{"line":23,"column":57}},"8":{"start":{"line":24,"column":8},"end":{"line":24,"column":62}},"9":{"start":{"line":25,"column":8},"end":{"line":25,"column":68}},"10":{"start":{"line":26,"column":8},"end":{"line":26,"column":67}},"11":{"start":{"line":27,"column":8},"end":{"line":27,"column":38}},"12":{"start":{"line":30,"column":8},"end":{"line":30,"column":73}},"13":{"start":{"line":31,"column":8},"end":{"line":31,"column":41}}},"fnMap":{"0":{"name":"signInSuccess","decl":{"start":{"line":7,"column":16},"end":{"line":7,"column":29}},"loc":{"start":{"line":7,"column":36},"end":{"line":9,"column":1}},"line":7},"1":{"name":"signInFailure","decl":{"start":{"line":11,"column":16},"end":{"line":11,"column":29}},"loc":{"start":{"line":11,"column":37},"end":{"line":13,"column":1}},"line":11},"2":{"name":"userSignIn","decl":{"start":{"line":15,"column":16},"end":{"line":15,"column":26}},"loc":{"start":{"line":15,"column":33},"end":{"line":34,"column":1}},"line":15},"3":{"name":"(anonymous_3)","decl":{"start":{"line":16,"column":9},"end":{"line":16,"column":10}},"loc":{"start":{"line":16,"column":29},"end":{"line":33,"column":3}},"line":16},"4":{"name":"(anonymous_4)","decl":{"start":{"line":20,"column":12},"end":{"line":20,"column":13}},"loc":{"start":{"line":20,"column":22},"end":{"line":28,"column":7}},"line":20},"5":{"name":"(anonymous_5)","decl":{"start":{"line":29,"column":13},"end":{"line":29,"column":14}},"loc":{"start":{"line":29,"column":24},"end":{"line":32,"column":7}},"line":29}},"branchMap":{},"s":{"0":4,"1":3,"2":2,"3":2,"4":2,"5":1,"6":1,"7":1,"8":1,"9":1,"10":1,"11":1,"12":1,"13":1},"f":{"0":4,"1":3,"2":2,"3":2,"4":1,"5":1},"b":{},"_coverageSchema":"43e27e138ebf9cfc5966b082cf9a028302ed4184","hash":"b35541e8fb9c62af3e2fc4799bcf6a9cb48c4e47"}
,"/Users/nicks-bro/Desktop/ah-frontend-space copy/src/actions/siginInActions/signInApi.js": {"path":"/Users/nicks-bro/Desktop/ah-frontend-space copy/src/actions/siginInActions/signInApi.js","statementMap":{"0":{"start":{"line":5,"column":16},"end":{"line":5,"column":57}},"1":{"start":{"line":8,"column":2},"end":{"line":14,"column":40}},"2":{"start":{"line":13,"column":22},"end":{"line":13,"column":46}},"3":{"start":{"line":14,"column":20},"end":{"line":14,"column":38}}},"fnMap":{"0":{"name":"signIn","decl":{"start":{"line":7,"column":16},"end":{"line":7,"column":22}},"loc":{"start":{"line":7,"column":29},"end":{"line":15,"column":1}},"line":7},"1":{"name":"(anonymous_1)","decl":{"start":{"line":13,"column":10},"end":{"line":13,"column":11}},"loc":{"start":{"line":13,"column":22},"end":{"line":13,"column":46}},"line":13},"2":{"name":"(anonymous_2)","decl":{"start":{"line":14,"column":11},"end":{"line":14,"column":12}},"loc":{"start":{"line":14,"column":20},"end":{"line":14,"column":38}},"line":14}},"branchMap":{},"s":{"0":7,"1":4,"2":2,"3":2},"f":{"0":4,"1":2,"2":2},"b":{},"_coverageSchema":"43e27e138ebf9cfc5966b082cf9a028302ed4184","hash":"8343a0f9a1414373562afa0f5d1c3046ce80f6fc"}
,"/Users/nicks-bro/Desktop/ah-frontend-space copy/src/components/notfound.js": {"path":"/Users/nicks-bro/Desktop/ah-frontend-space copy/src/components/notfound.js","statementMap":{"0":{"start":{"line":4,"column":17},"end":{"line":4,"column":74}},"1":{"start":{"line":4,"column":23},"end":{"line":4,"column":74}}},"fnMap":{"0":{"name":"(anonymous_0)","decl":{"start":{"line":4,"column":17},"end":{"line":4,"column":18}},"loc":{"start":{"line":4,"column":23},"end":{"line":4,"column":74}},"line":4}},"branchMap":{},"s":{"0":4,"1":1},"f":{"0":1},"b":{},"_coverageSchema":"43e27e138ebf9cfc5966b082cf9a028302ed4184","hash":"d7e97762a775425c9c6ea552cf6bd72fd160ba11"}
,"/Users/nicks-bro/Desktop/ah-frontend-space copy/src/components/socialAuth.js": {"path":"/Users/nicks-bro/Desktop/ah-frontend-space copy/src/components/socialAuth.js","statementMap":{"0":{"start":{"line":7,"column":19},"end":{"line":27,"column":1}},"1":{"start":{"line":8,"column":53},"end":{"line":8,"column":58}},"2":{"start":{"line":9,"column":2},"end":{"line":26,"column":4}},"3":{"start":{"line":29,"column":0},"end":{"line":33,"column":2}}},"fnMap":{"0":{"name":"(anonymous_0)","decl":{"start":{"line":7,"column":19},"end":{"line":7,"column":20}},"loc":{"start":{"line":7,"column":30},"end":{"line":27,"column":1}},"line":7}},"branchMap":{},"s":{"0":8,"1":1,"2":1,"3":8},"f":{"0":1},"b":{},"_coverageSchema":"43e27e138ebf9cfc5966b082cf9a028302ed4184","hash":"7bd7b9f9b6386711f6ce7e7cc0acf2db8fc6de15"}
,"/Users/nicks-bro/Desktop/ah-frontend-space copy/src/components/HomePage/Article.js": {"path":"/Users/nicks-bro/Desktop/ah-frontend-space copy/src/components/HomePage/Article.js","statementMap":{"0":{"start":{"line":7,"column":19},"end":{"line":70,"column":3}},"1":{"start":{"line":13,"column":8},"end":{"line":13,"column":18}},"2":{"start":{"line":15,"column":22},"end":{"line":19,"column":6}},"3":{"start":{"line":20,"column":4},"end":{"line":69,"column":6}},"4":{"start":{"line":73,"column":4},"end":{"line":77,"column":6}},"5":{"start":{"line":81,"column":24},"end":{"line":97,"column":1}},"6":{"start":{"line":84,"column":2},"end":{"line":96,"column":8}},"7":{"start":{"line":99,"column":0},"end":{"line":103,"column":2}},"8":{"start":{"line":105,"column":0},"end":{"line":107,"column":2}},"9":{"start":{"line":109,"column":0},"end":{"line":111,"column":2}}},"fnMap":{"0":{"name":"(anonymous_0)","decl":{"start":{"line":7,"column":19},"end":{"line":7,"column":20}},"loc":{"start":{"line":7,"column":25},"end":{"line":70,"column":3}},"line":7},"1":{"name":"(anonymous_1)","decl":{"start":{"line":72,"column":2},"end":{"line":72,"column":3}},"loc":{"start":{"line":72,"column":11},"end":{"line":78,"column":3}},"line":72},"2":{"name":"(anonymous_2)","decl":{"start":{"line":81,"column":24},"end":{"line":81,"column":25}},"loc":{"start":{"line":84,"column":2},"end":{"line":96,"column":8}},"line":84}},"branchMap":{},"s":{"0":1,"1":1,"2":1,"3":1,"4":1,"5":5,"6":2,"7":5,"8":5,"9":5},"f":{"0":1,"1":1,"2":2},"b":{},"_coverageSchema":"43e27e138ebf9cfc5966b082cf9a028302ed4184","hash":"8670a74c2f10dc1544b5e999623aca1db3cfca87"}
,"/Users/nicks-bro/Desktop/ah-frontend-space copy/src/components/HomePage/Footer.js": {"path":"/Users/nicks-bro/Desktop/ah-frontend-space copy/src/components/HomePage/Footer.js","statementMap":{"0":{"start":{"line":6,"column":4},"end":{"line":14,"column":6}}},"fnMap":{"0":{"name":"(anonymous_0)","decl":{"start":{"line":5,"column":2},"end":{"line":5,"column":3}},"loc":{"start":{"line":5,"column":11},"end":{"line":15,"column":3}},"line":5}},"branchMap":{},"s":{"0":1},"f":{"0":1},"b":{},"_coverageSchema":"43e27e138ebf9cfc5966b082cf9a028302ed4184","hash":"197f3fe567e5b6f148bb64167938b939dcffe0e0"}
,"/Users/nicks-bro/Desktop/ah-frontend-space copy/src/components/HomePage/Home.js": {"path":"/Users/nicks-bro/Desktop/ah-frontend-space copy/src/components/HomePage/Home.js","statementMap":{"0":{"start":{"line":11,"column":10},"end":{"line":14,"column":3}},"1":{"start":{"line":17,"column":34},"end":{"line":17,"column":44}},"2":{"start":{"line":18,"column":4},"end":{"line":18,"column":24}},"3":{"start":{"line":19,"column":4},"end":{"line":21,"column":7}},"4":{"start":{"line":25,"column":43},"end":{"line":25,"column":52}},"5":{"start":{"line":26,"column":4},"end":{"line":29,"column":7}},"6":{"start":{"line":34,"column":34},"end":{"line":34,"column":44}},"7":{"start":{"line":35,"column":4},"end":{"line":50,"column":6}},"8":{"start":{"line":40,"column":12},"end":{"line":42,"column":18}},"9":{"start":{"line":53,"column":31},"end":{"line":58,"column":1}},"10":{"start":{"line":54,"column":23},"end":{"line":54,"column":28}},"11":{"start":{"line":55,"column":2},"end":{"line":57,"column":4}},"12":{"start":{"line":62,"column":0},"end":{"line":65,"column":2}},"13":{"start":{"line":67,"column":0},"end":{"line":69,"column":2}}},"fnMap":{"0":{"name":"(anonymous_0)","decl":{"start":{"line":16,"column":2},"end":{"line":16,"column":3}},"loc":{"start":{"line":16,"column":23},"end":{"line":22,"column":3}},"line":16},"1":{"name":"(anonymous_1)","decl":{"start":{"line":24,"column":2},"end":{"line":24,"column":3}},"loc":{"start":{"line":24,"column":39},"end":{"line":30,"column":3}},"line":24},"2":{"name":"(anonymous_2)","decl":{"start":{"line":33,"column":2},"end":{"line":33,"column":3}},"loc":{"start":{"line":33,"column":11},"end":{"line":51,"column":3}},"line":33},"3":{"name":"(anonymous_3)","decl":{"start":{"line":39,"column":47},"end":{"line":39,"column":48}},"loc":{"start":{"line":40,"column":12},"end":{"line":42,"column":18}},"line":40},"4":{"name":"(anonymous_4)","decl":{"start":{"line":53,"column":31},"end":{"line":53,"column":32}},"loc":{"start":{"line":53,"column":42},"end":{"line":58,"column":1}},"line":53}},"branchMap":{"0":{"loc":{"start":{"line":38,"column":12},"end":{"line":38,"column":87}},"type":"cond-expr","locations":[{"start":{"line":38,"column":22},"end":{"line":38,"column":80}},{"start":{"line":38,"column":83},"end":{"line":38,"column":87}}],"line":38},"1":{"loc":{"start":{"line":39,"column":12},"end":{"line":43,"column":58}},"type":"cond-expr","locations":[{"start":{"line":39,"column":34},"end":{"line":43,"column":12}},{"start":{"line":43,"column":15},"end":{"line":43,"column":58}}],"line":39}},"s":{"0":5,"1":6,"2":6,"3":6,"4":3,"5":3,"6":9,"7":9,"8":1,"9":4,"10":1,"11":1,"12":4,"13":4},"f":{"0":6,"1":3,"2":9,"3":1,"4":1},"b":{"0":[6,3],"1":[1,8]},"_coverageSchema":"43e27e138ebf9cfc5966b082cf9a028302ed4184","hash":"fafbe6cc0232b508667fbe22d493bbb961a12691"}
,"/Users/nicks-bro/Desktop/ah-frontend-space copy/src/components/HomePage/HomeDetail.js": {"path":"/Users/nicks-bro/Desktop/ah-frontend-space copy/src/components/HomePage/HomeDetail.js","statementMap":{"0":{"start":{"line":10,"column":10},"end":{"line":17,"column":3}},"1":{"start":{"line":21,"column":43},"end":{"line":21,"column":53}},"2":{"start":{"line":22,"column":4},"end":{"line":22,"column":43}},"3":{"start":{"line":23,"column":4},"end":{"line":25,"column":7}},"4":{"start":{"line":29,"column":24},"end":{"line":29,"column":33}},"5":{"start":{"line":30,"column":4},"end":{"line":33,"column":7}},"6":{"start":{"line":37,"column":39},"end":{"line":37,"column":49}},"7":{"start":{"line":38,"column":4},"end":{"line":61,"column":6}},"8":{"start":{"line":65,"column":24},"end":{"line":67,"column":2}},"9":{"start":{"line":65,"column":34},"end":{"line":67,"column":1}},"10":{"start":{"line":69,"column":0},"end":{"line":73,"column":2}},"11":{"start":{"line":75,"column":0},"end":{"line":79,"column":2}}},"fnMap":{"0":{"name":"(anonymous_0)","decl":{"start":{"line":19,"column":2},"end":{"line":19,"column":3}},"loc":{"start":{"line":19,"column":23},"end":{"line":26,"column":3}},"line":19},"1":{"name":"(anonymous_1)","decl":{"start":{"line":28,"column":2},"end":{"line":28,"column":3}},"loc":{"start":{"line":28,"column":39},"end":{"line":34,"column":3}},"line":28},"2":{"name":"(anonymous_2)","decl":{"start":{"line":36,"column":2},"end":{"line":36,"column":3}},"loc":{"start":{"line":36,"column":11},"end":{"line":62,"column":3}},"line":36},"3":{"name":"(anonymous_3)","decl":{"start":{"line":65,"column":24},"end":{"line":65,"column":25}},"loc":{"start":{"line":65,"column":34},"end":{"line":67,"column":1}},"line":65},"4":{"name":"(anonymous_4)","decl":{"start":{"line":78,"column":23},"end":{"line":78,"column":24}},"loc":{"start":{"line":78,"column":29},"end":{"line":78,"column":31}},"line":78}},"branchMap":{"0":{"loc":{"start":{"line":42,"column":14},"end":{"line":42,"column":89}},"type":"cond-expr","locations":[{"start":{"line":42,"column":24},"end":{"line":42,"column":82}},{"start":{"line":42,"column":85},"end":{"line":42,"column":89}}],"line":42},"1":{"loc":{"start":{"line":43,"column":14},"end":{"line":45,"column":61}},"type":"cond-expr","locations":[{"start":{"line":44,"column":16},"end":{"line":44,"column":55}},{"start":{"line":45,"column":16},"end":{"line":45,"column":61}}],"line":43}},"s":{"0":3,"1":4,"2":4,"3":4,"4":1,"5":1,"6":5,"7":5,"8":4,"9":0,"10":4,"11":4},"f":{"0":4,"1":1,"2":5,"3":0,"4":4},"b":{"0":[4,1],"1":[5,0]},"_coverageSchema":"43e27e138ebf9cfc5966b082cf9a028302ed4184","hash":"a868a89b67087e22ed8947c623d9b8672c982f0b"}
,"/Users/nicks-bro/Desktop/ah-frontend-space copy/src/components/HomePage/Navbar.js": {"path":"/Users/nicks-bro/Desktop/ah-frontend-space copy/src/components/HomePage/Navbar.js","statementMap":{"0":{"start":{"line":7,"column":12},"end":{"line":13,"column":1}},"1":{"start":{"line":8,"column":2},"end":{"line":12,"column":19}},"2":{"start":{"line":16,"column":19},"end":{"line":40,"column":1}},"3":{"start":{"line":17,"column":2},"end":{"line":39,"column":8}},"4":{"start":{"line":44,"column":10},"end":{"line":46,"column":3}},"5":{"start":{"line":49,"column":21},"end":{"line":49,"column":57}},"6":{"start":{"line":50,"column":4},"end":{"line":54,"column":5}},"7":{"start":{"line":51,"column":6},"end":{"line":53,"column":9}},"8":{"start":{"line":58,"column":4},"end":{"line":62,"column":5}},"9":{"start":{"line":59,"column":6},"end":{"line":61,"column":9}},"10":{"start":{"line":66,"column":25},"end":{"line":66,"column":35}},"11":{"start":{"line":67,"column":4},"end":{"line":69,"column":6}},"12":{"start":{"line":73,"column":0},"end":{"line":76,"column":2}},"13":{"start":{"line":78,"column":0},"end":{"line":81,"column":2}},"14":{"start":{"line":83,"column":31},"end":{"line":86,"column":2}},"15":{"start":{"line":83,"column":41},"end":{"line":86,"column":1}}},"fnMap":{"0":{"name":"(anonymous_0)","decl":{"start":{"line":7,"column":12},"end":{"line":7,"column":13}},"loc":{"start":{"line":8,"column":2},"end":{"line":12,"column":19}},"line":8},"1":{"name":"(anonymous_1)","decl":{"start":{"line":16,"column":19},"end":{"line":16,"column":20}},"loc":{"start":{"line":17,"column":2},"end":{"line":39,"column":8}},"line":17},"2":{"name":"(anonymous_2)","decl":{"start":{"line":48,"column":2},"end":{"line":48,"column":3}},"loc":{"start":{"line":48,"column":23},"end":{"line":55,"column":3}},"line":48},"3":{"name":"(anonymous_3)","decl":{"start":{"line":57,"column":2},"end":{"line":57,"column":3}},"loc":{"start":{"line":57,"column":39},"end":{"line":63,"column":3}},"line":57},"4":{"name":"(anonymous_4)","decl":{"start":{"line":65,"column":2},"end":{"line":65,"column":3}},"loc":{"start":{"line":65,"column":11},"end":{"line":70,"column":3}},"line":65},"5":{"name":"(anonymous_5)","decl":{"start":{"line":83,"column":31},"end":{"line":83,"column":32}},"loc":{"start":{"line":83,"column":41},"end":{"line":86,"column":1}},"line":83}},"branchMap":{"0":{"loc":{"start":{"line":31,"column":14},"end":{"line":33,"column":63}},"type":"cond-expr","locations":[{"start":{"line":32,"column":17},"end":{"line":32,"column":66}},{"start":{"line":33,"column":17},"end":{"line":33,"column":62}}],"line":31},"1":{"loc":{"start":{"line":50,"column":4},"end":{"line":54,"column":5}},"type":"if","locations":[{"start":{"line":50,"column":4},"end":{"line":54,"column":5}},{"start":{"line":50,"column":4},"end":{"line":54,"column":5}}],"line":50},"2":{"loc":{"start":{"line":58,"column":4},"end":{"line":62,"column":5}},"type":"if","locations":[{"start":{"line":58,"column":4},"end":{"line":62,"column":5}},{"start":{"line":58,"column":4},"end":{"line":62,"column":5}}],"line":58},"3":{"loc":{"start":{"line":58,"column":8},"end":{"line":58,"column":78}},"type":"binary-expr","locations":[{"start":{"line":58,"column":8},"end":{"line":58,"column":38}},{"start":{"line":58,"column":42},"end":{"line":58,"column":78}}],"line":58}},"s":{"0":4,"1":14,"2":4,"3":7,"4":4,"5":5,"6":5,"7":3,"8":2,"9":2,"10":7,"11":7,"12":4,"13":4,"14":4,"15":0},"f":{"0":14,"1":7,"2":5,"3":2,"4":7,"5":0},"b":{"0":[5,2],"1":[3,2],"2":[2,0],"3":[2,0]},"_coverageSchema":"43e27e138ebf9cfc5966b082cf9a028302ed4184","hash":"1dcac0c5f40ae38143fd8898a81446ada0895dc3"}
,"/Users/nicks-bro/Desktop/ah-frontend-space copy/src/components/HomePage/Tags.js": {"path":"/Users/nicks-bro/Desktop/ah-frontend-space copy/src/components/HomePage/Tags.js","statementMap":{"0":{"start":{"line":4,"column":12},"end":{"line":8,"column":1}},"1":{"start":{"line":5,"column":2},"end":{"line":7,"column":8}},"2":{"start":{"line":11,"column":25},"end":{"line":25,"column":1}},"3":{"start":{"line":12,"column":2},"end":{"line":24,"column":8}},"4":{"start":{"line":29,"column":4},"end":{"line":31,"column":6}}},"fnMap":{"0":{"name":"(anonymous_0)","decl":{"start":{"line":4,"column":12},"end":{"line":4,"column":13}},"loc":{"start":{"line":5,"column":2},"end":{"line":7,"column":8}},"line":5},"1":{"name":"(anonymous_1)","decl":{"start":{"line":11,"column":25},"end":{"line":11,"column":26}},"loc":{"start":{"line":12,"column":2},"end":{"line":24,"column":8}},"line":12},"2":{"name":"(anonymous_2)","decl":{"start":{"line":28,"column":2},"end":{"line":28,"column":3}},"loc":{"start":{"line":28,"column":11},"end":{"line":32,"column":3}},"line":28}},"branchMap":{},"s":{"0":5,"1":8,"2":5,"3":1,"4":1},"f":{"0":8,"1":1,"2":1},"b":{},"_coverageSchema":"43e27e138ebf9cfc5966b082cf9a028302ed4184","hash":"8a68c33cb3a92df644e595f4ecdb5cb755dfcf56"}
,"/Users/nicks-bro/Desktop/ah-frontend-space copy/src/components/HomePage/articleDetails.js": {"path":"/Users/nicks-bro/Desktop/ah-frontend-space copy/src/components/HomePage/articleDetails.js","statementMap":{"0":{"start":{"line":7,"column":19},"end":{"line":61,"column":3}},"1":{"start":{"line":8,"column":24},"end":{"line":8,"column":34}},"2":{"start":{"line":10,"column":22},"end":{"line":14,"column":6}},"3":{"start":{"line":15,"column":4},"end":{"line":60,"column":6}},"4":{"start":{"line":64,"column":4},"end":{"line":68,"column":6}},"5":{"start":{"line":72,"column":24},"end":{"line":88,"column":1}},"6":{"start":{"line":75,"column":2},"end":{"line":87,"column":8}},"7":{"start":{"line":90,"column":0},"end":{"line":94,"column":2}},"8":{"start":{"line":96,"column":0},"end":{"line":98,"column":2}},"9":{"start":{"line":100,"column":0},"end":{"line":102,"column":2}}},"fnMap":{"0":{"name":"(anonymous_0)","decl":{"start":{"line":7,"column":19},"end":{"line":7,"column":20}},"loc":{"start":{"line":7,"column":25},"end":{"line":61,"column":3}},"line":7},"1":{"name":"(anonymous_1)","decl":{"start":{"line":63,"column":2},"end":{"line":63,"column":3}},"loc":{"start":{"line":63,"column":11},"end":{"line":69,"column":3}},"line":63},"2":{"name":"(anonymous_2)","decl":{"start":{"line":72,"column":24},"end":{"line":72,"column":25}},"loc":{"start":{"line":75,"column":2},"end":{"line":87,"column":8}},"line":75}},"branchMap":{"0":{"loc":{"start":{"line":55,"column":9},"end":{"line":55,"column":172}},"type":"cond-expr","locations":[{"start":{"line":55,"column":23},"end":{"line":55,"column":99}},{"start":{"line":55,"column":102},"end":{"line":55,"column":172}}],"line":55}},"s":{"0":1,"1":1,"2":1,"3":1,"4":1,"5":5,"6":2,"7":5,"8":5,"9":5},"f":{"0":1,"1":1,"2":2},"b":{"0":[0,1]},"_coverageSchema":"43e27e138ebf9cfc5966b082cf9a028302ed4184","hash":"b00851f66d49eeb82f6d3f7207c15d03eed32a07"}
,"/Users/nicks-bro/Desktop/ah-frontend-space copy/src/components/common/Headers.js": {"path":"/Users/nicks-bro/Desktop/ah-frontend-space copy/src/components/common/Headers.js","statementMap":{},"fnMap":{},"branchMap":{},"s":{},"f":{},"b":{},"hash":"41f59298d1c9bd6f2c3c6d8536c79c31cf72e726"}
,"/Users/nicks-bro/Desktop/ah-frontend-space copy/src/components/common/Input.js": {"path":"/Users/nicks-bro/Desktop/ah-frontend-space copy/src/components/common/Input.js","statementMap":{"0":{"start":{"line":5,"column":14},"end":{"line":33,"column":1}},"1":{"start":{"line":8,"column":23},"end":{"line":8,"column":35}},"2":{"start":{"line":9,"column":21},"end":{"line":9,"column":36}},"3":{"start":{"line":11,"column":2},"end":{"line":32,"column":4}},"4":{"start":{"line":35,"column":0},"end":{"line":46,"column":2}},"5":{"start":{"line":48,"column":0},"end":{"line":57,"column":2}}},"fnMap":{"0":{"name":"(anonymous_0)","decl":{"start":{"line":5,"column":14},"end":{"line":5,"column":15}},"loc":{"start":{"line":7,"column":6},"end":{"line":33,"column":1}},"line":7},"1":{"name":"(anonymous_1)","decl":{"start":{"line":51,"column":12},"end":{"line":51,"column":13}},"loc":{"start":{"line":51,"column":18},"end":{"line":51,"column":20}},"line":51}},"branchMap":{},"s":{"0":12,"1":2,"2":2,"3":2,"4":12,"5":12},"f":{"0":2,"1":0},"b":{},"_coverageSchema":"43e27e138ebf9cfc5966b082cf9a028302ed4184","hash":"b8a1a6a31d321c3c2b19e8443544932e72f77dde"}
,"/Users/nicks-bro/Desktop/ah-frontend-space copy/src/components/passwordReset/ConfirmEmailForm.js": {"path":"/Users/nicks-bro/Desktop/ah-frontend-space copy/src/components/passwordReset/ConfirmEmailForm.js","statementMap":{"0":{"start":{"line":6,"column":25},"end":{"line":43,"column":1}},"1":{"start":{"line":11,"column":2},"end":{"line":42,"column":9}},"2":{"start":{"line":46,"column":0},"end":{"line":51,"column":2}},"3":{"start":{"line":53,"column":0},"end":{"line":54,"column":2}}},"fnMap":{"0":{"name":"(anonymous_0)","decl":{"start":{"line":6,"column":25},"end":{"line":6,"column":26}},"loc":{"start":{"line":11,"column":2},"end":{"line":42,"column":9}},"line":11}},"branchMap":{"0":{"loc":{"start":{"line":22,"column":10},"end":{"line":39,"column":11}},"type":"cond-expr","locations":[{"start":{"line":24,"column":12},"end":{"line":29,"column":14}},{"start":{"line":32,"column":12},"end":{"line":38,"column":14}}],"line":22}},"s":{"0":5,"1":2,"2":5,"3":5},"f":{"0":2},"b":{"0":[1,1]},"_coverageSchema":"43e27e138ebf9cfc5966b082cf9a028302ed4184","hash":"5e32ec3a7cd007b78df66879b6e648fb9159ae0e"}
,"/Users/nicks-bro/Desktop/ah-frontend-space copy/src/components/passwordReset/ResetPasswordForm.js": {"path":"/Users/nicks-bro/Desktop/ah-frontend-space copy/src/components/passwordReset/ResetPasswordForm.js","statementMap":{"0":{"start":{"line":6,"column":26},"end":{"line":49,"column":1}},"1":{"start":{"line":9,"column":2},"end":{"line":48,"column":9}},"2":{"start":{"line":52,"column":0},"end":{"line":58,"column":2}},"3":{"start":{"line":60,"column":0},"end":{"line":61,"column":2}}},"fnMap":{"0":{"name":"(anonymous_0)","decl":{"start":{"line":6,"column":26},"end":{"line":6,"column":27}},"loc":{"start":{"line":9,"column":2},"end":{"line":48,"column":9}},"line":9}},"branchMap":{"0":{"loc":{"start":{"line":28,"column":10},"end":{"line":45,"column":11}},"type":"cond-expr","locations":[{"start":{"line":30,"column":12},"end":{"line":35,"column":14}},{"start":{"line":38,"column":12},"end":{"line":44,"column":14}}],"line":28}},"s":{"0":5,"1":2,"2":5,"3":5},"f":{"0":2},"b":{"0":[1,1]},"_coverageSchema":"43e27e138ebf9cfc5966b082cf9a028302ed4184","hash":"6d35fe0bbec3216fed12e8f5204ce8f034388e42"}
,"/Users/nicks-bro/Desktop/ah-frontend-space copy/src/components/profile/ProfileEdit.js": {"path":"/Users/nicks-bro/Desktop/ah-frontend-space copy/src/components/profile/ProfileEdit.js","statementMap":{"0":{"start":{"line":8,"column":2},"end":{"line":22,"column":4}},"1":{"start":{"line":27,"column":2},"end":{"line":34,"column":4}},"2":{"start":{"line":40,"column":2},"end":{"line":94,"column":4}},"3":{"start":{"line":98,"column":14},"end":{"line":109,"column":1}},"4":{"start":{"line":111,"column":0},"end":{"line":111,"column":39}}},"fnMap":{"0":{"name":"buttons","decl":{"start":{"line":7,"column":9},"end":{"line":7,"column":16}},"loc":{"start":{"line":7,"column":42},"end":{"line":23,"column":1}},"line":7},"1":{"name":"inputs","decl":{"start":{"line":26,"column":9},"end":{"line":26,"column":15}},"loc":{"start":{"line":26,"column":56},"end":{"line":35,"column":1}},"line":26},"2":{"name":"ProfileEditComponent","decl":{"start":{"line":36,"column":9},"end":{"line":36,"column":29}},"loc":{"start":{"line":39,"column":3},"end":{"line":95,"column":1}},"line":39}},"branchMap":{"0":{"loc":{"start":{"line":13,"column":11},"end":{"line":13,"column":76}},"type":"binary-expr","locations":[{"start":{"line":13,"column":11},"end":{"line":13,"column":24}},{"start":{"line":13,"column":29},"end":{"line":13,"column":75}}],"line":13},"1":{"loc":{"start":{"line":14,"column":11},"end":{"line":14,"column":62}},"type":"binary-expr","locations":[{"start":{"line":14,"column":11},"end":{"line":14,"column":24}},{"start":{"line":14,"column":28},"end":{"line":14,"column":62}}],"line":14},"2":{"loc":{"start":{"line":15,"column":11},"end":{"line":15,"column":56}},"type":"binary-expr","locations":[{"start":{"line":15,"column":11},"end":{"line":15,"column":25}},{"start":{"line":15,"column":29},"end":{"line":15,"column":56}}],"line":15},"3":{"loc":{"start":{"line":52,"column":15},"end":{"line":69,"column":15}},"type":"cond-expr","locations":[{"start":{"line":53,"column":16},"end":{"line":59,"column":18}},{"start":{"line":61,"column":16},"end":{"line":68,"column":18}}],"line":52}},"s":{"0":1,"1":3,"2":1,"3":6,"4":6},"f":{"0":1,"1":3,"2":1},"b":{"0":[1,0],"1":[1,0],"2":[1,1],"3":[1,0]},"_coverageSchema":"43e27e138ebf9cfc5966b082cf9a028302ed4184","hash":"dfe4fe2d7572bf24eddc844398179ebf3710cb02"}
,"/Users/nicks-bro/Desktop/ah-frontend-space copy/src/components/profile/ProfileFetch.js": {"path":"/Users/nicks-bro/Desktop/ah-frontend-space copy/src/components/profile/ProfileFetch.js","statementMap":{"0":{"start":{"line":9,"column":2},"end":{"line":20,"column":4}},"1":{"start":{"line":24,"column":2},"end":{"line":24,"column":38}},"2":{"start":{"line":25,"column":2},"end":{"line":81,"column":4}},"3":{"start":{"line":86,"column":35},"end":{"line":86,"column":40}},"4":{"start":{"line":87,"column":2},"end":{"line":91,"column":4}},"5":{"start":{"line":94,"column":0},"end":{"line":96,"column":2}}},"fnMap":{"0":{"name":"SubContent","decl":{"start":{"line":8,"column":9},"end":{"line":8,"column":19}},"loc":{"start":{"line":8,"column":47},"end":{"line":21,"column":1}},"line":8},"1":{"name":"ProfileComponentContent","decl":{"start":{"line":23,"column":9},"end":{"line":23,"column":32}},"loc":{"start":{"line":23,"column":42},"end":{"line":82,"column":1}},"line":23},"2":{"name":"ProfileComponent","decl":{"start":{"line":85,"column":9},"end":{"line":85,"column":25}},"loc":{"start":{"line":85,"column":33},"end":{"line":92,"column":1}},"line":85}},"branchMap":{"0":{"loc":{"start":{"line":39,"column":15},"end":{"line":54,"column":15}},"type":"cond-expr","locations":[{"start":{"line":40,"column":16},"end":{"line":45,"column":18}},{"start":{"line":47,"column":16},"end":{"line":53,"column":18}}],"line":39}},"s":{"0":12,"1":2,"2":2,"3":2,"4":2,"5":6},"f":{"0":12,"1":2,"2":2},"b":{"0":[2,0]},"_coverageSchema":"43e27e138ebf9cfc5966b082cf9a028302ed4184","hash":"ad68e65835d151a9167a352528890b9a4897e0cb"}
,"/Users/nicks-bro/Desktop/ah-frontend-space copy/src/components/signIn/SignInForm.js": {"path":"/Users/nicks-bro/Desktop/ah-frontend-space copy/src/components/signIn/SignInForm.js","statementMap":{"0":{"start":{"line":9,"column":19},"end":{"line":96,"column":1}},"1":{"start":{"line":17,"column":2},"end":{"line":95,"column":19}},"2":{"start":{"line":98,"column":0},"end":{"line":105,"column":2}},"3":{"start":{"line":107,"column":0},"end":{"line":109,"column":2}}},"fnMap":{"0":{"name":"(anonymous_0)","decl":{"start":{"line":9,"column":19},"end":{"line":9,"column":20}},"loc":{"start":{"line":17,"column":2},"end":{"line":95,"column":19}},"line":17}},"branchMap":{"0":{"loc":{"start":{"line":27,"column":9},"end":{"line":34,"column":9}},"type":"binary-expr","locations":[{"start":{"line":27,"column":9},"end":{"line":27,"column":22}},{"start":{"line":27,"column":26},"end":{"line":27,"column":38}},{"start":{"line":28,"column":10},"end":{"line":33,"column":16}}],"line":27},"1":{"loc":{"start":{"line":45,"column":9},"end":{"line":52,"column":9}},"type":"binary-expr","locations":[{"start":{"line":45,"column":9},"end":{"line":45,"column":22}},{"start":{"line":45,"column":26},"end":{"line":45,"column":41}},{"start":{"line":46,"column":10},"end":{"line":51,"column":16}}],"line":45},"2":{"loc":{"start":{"line":66,"column":15},"end":{"line":83,"column":17}},"type":"cond-expr","locations":[{"start":{"line":68,"column":18},"end":{"line":73,"column":20}},{"start":{"line":76,"column":18},"end":{"line":82,"column":20}}],"line":66}},"s":{"0":5,"1":3,"2":5,"3":5},"f":{"0":3},"b":{"0":[3,3,3],"1":[3,3,3],"2":[1,2]},"_coverageSchema":"43e27e138ebf9cfc5966b082cf9a028302ed4184","hash":"ffb5e30b63a1844a4b2291efe193b86624eafeb6"}
,"/Users/nicks-bro/Desktop/ah-frontend-space copy/src/containers/Hello.js": {"path":"/Users/nicks-bro/Desktop/ah-frontend-space copy/src/containers/Hello.js","statementMap":{"0":{"start":{"line":9,"column":28},"end":{"line":9,"column":38}},"1":{"start":{"line":10,"column":4},"end":{"line":10,"column":18}},"2":{"start":{"line":14,"column":4},"end":{"line":18,"column":6}},"3":{"start":{"line":22,"column":31},"end":{"line":24,"column":2}},"4":{"start":{"line":22,"column":41},"end":{"line":24,"column":1}},"5":{"start":{"line":26,"column":0},"end":{"line":28,"column":2}}},"fnMap":{"0":{"name":"(anonymous_0)","decl":{"start":{"line":8,"column":2},"end":{"line":8,"column":3}},"loc":{"start":{"line":8,"column":22},"end":{"line":11,"column":3}},"line":8},"1":{"name":"(anonymous_1)","decl":{"start":{"line":13,"column":2},"end":{"line":13,"column":3}},"loc":{"start":{"line":13,"column":11},"end":{"line":19,"column":3}},"line":13},"2":{"name":"(anonymous_2)","decl":{"start":{"line":22,"column":31},"end":{"line":22,"column":32}},"loc":{"start":{"line":22,"column":41},"end":{"line":24,"column":1}},"line":22}},"branchMap":{},"s":{"0":2,"1":2,"2":2,"3":4,"4":2,"5":4},"f":{"0":2,"1":2,"2":2},"b":{},"_coverageSchema":"43e27e138ebf9cfc5966b082cf9a028302ed4184","hash":"069e4a95af132f9edb528fb25d87423d6af4273f"}
,"/Users/nicks-bro/Desktop/ah-frontend-space copy/src/containers/SignupForm.js": {"path":"/Users/nicks-bro/Desktop/ah-frontend-space copy/src/containers/SignupForm.js","statementMap":{"0":{"start":{"line":14,"column":2},"end":{"line":23,"column":4}},"1":{"start":{"line":29,"column":4},"end":{"line":29,"column":12}},"2":{"start":{"line":30,"column":4},"end":{"line":34,"column":6}},"3":{"start":{"line":36,"column":4},"end":{"line":36,"column":55}},"4":{"start":{"line":40,"column":4},"end":{"line":43,"column":5}},"5":{"start":{"line":41,"column":26},"end":{"line":41,"column":36}},"6":{"start":{"line":42,"column":6},"end":{"line":42,"column":30}},"7":{"start":{"line":46,"column":18},"end":{"line":51,"column":3}},"8":{"start":{"line":47,"column":28},"end":{"line":47,"column":36}},"9":{"start":{"line":48,"column":4},"end":{"line":50,"column":7}},"10":{"start":{"line":53,"column":17},"end":{"line":66,"column":3}},"11":{"start":{"line":54,"column":29},"end":{"line":54,"column":39}},"12":{"start":{"line":55,"column":4},"end":{"line":55,"column":23}},"13":{"start":{"line":59,"column":8},"end":{"line":59,"column":18}},"14":{"start":{"line":60,"column":17},"end":{"line":64,"column":5}},"15":{"start":{"line":65,"column":4},"end":{"line":65,"column":23}},"16":{"start":{"line":68,"column":22},"end":{"line":107,"column":3}},"17":{"start":{"line":69,"column":4},"end":{"line":105,"column":10}},"18":{"start":{"line":112,"column":8},"end":{"line":112,"column":18}},"19":{"start":{"line":113,"column":28},"end":{"line":113,"column":38}},"20":{"start":{"line":114,"column":4},"end":{"line":118,"column":6}},"21":{"start":{"line":122,"column":31},"end":{"line":128,"column":1}},"22":{"start":{"line":123,"column":35},"end":{"line":123,"column":54}},"23":{"start":{"line":124,"column":2},"end":{"line":127,"column":4}},"24":{"start":{"line":130,"column":0},"end":{"line":136,"column":2}},"25":{"start":{"line":138,"column":0},"end":{"line":141,"column":2}}},"fnMap":{"0":{"name":"inputcontent","decl":{"start":{"line":13,"column":9},"end":{"line":13,"column":21}},"loc":{"start":{"line":13,"column":68},"end":{"line":24,"column":1}},"line":13},"1":{"name":"(anonymous_1)","decl":{"start":{"line":28,"column":2},"end":{"line":28,"column":3}},"loc":{"start":{"line":28,"column":16},"end":{"line":37,"column":3}},"line":28},"2":{"name":"(anonymous_2)","decl":{"start":{"line":39,"column":2},"end":{"line":39,"column":3}},"loc":{"start":{"line":39,"column":39},"end":{"line":44,"column":3}},"line":39},"3":{"name":"(anonymous_3)","decl":{"start":{"line":46,"column":18},"end":{"line":46,"column":19}},"loc":{"start":{"line":46,"column":25},"end":{"line":51,"column":3}},"line":46},"4":{"name":"(anonymous_4)","decl":{"start":{"line":53,"column":17},"end":{"line":53,"column":18}},"loc":{"start":{"line":53,"column":24},"end":{"line":66,"column":3}},"line":53},"5":{"name":"(anonymous_5)","decl":{"start":{"line":68,"column":22},"end":{"line":68,"column":23}},"loc":{"start":{"line":69,"column":4},"end":{"line":105,"column":10}},"line":69},"6":{"name":"(anonymous_6)","decl":{"start":{"line":109,"column":2},"end":{"line":109,"column":3}},"loc":{"start":{"line":109,"column":11},"end":{"line":119,"column":3}},"line":109},"7":{"name":"(anonymous_7)","decl":{"start":{"line":122,"column":31},"end":{"line":122,"column":32}},"loc":{"start":{"line":122,"column":42},"end":{"line":128,"column":1}},"line":122},"8":{"name":"(anonymous_8)","decl":{"start":{"line":139,"column":8},"end":{"line":139,"column":9}},"loc":{"start":{"line":139,"column":14},"end":{"line":139,"column":16}},"line":139}},"branchMap":{"0":{"loc":{"start":{"line":40,"column":4},"end":{"line":43,"column":5}},"type":"if","locations":[{"start":{"line":40,"column":4},"end":{"line":43,"column":5}},{"start":{"line":40,"column":4},"end":{"line":43,"column":5}}],"line":40},"1":{"loc":{"start":{"line":81,"column":12},"end":{"line":92,"column":11}},"type":"cond-expr","locations":[{"start":{"line":82,"column":12},"end":{"line":85,"column":18}},{"start":{"line":87,"column":12},"end":{"line":91,"column":18}}],"line":81}},"s":{"0":27,"1":6,"2":6,"3":6,"4":2,"5":1,"6":1,"7":6,"8":1,"9":1,"10":6,"11":1,"12":1,"13":1,"14":1,"15":1,"16":6,"17":9,"18":9,"19":9,"20":9,"21":4,"22":1,"23":1,"24":4,"25":4},"f":{"0":27,"1":6,"2":2,"3":1,"4":1,"5":9,"6":9,"7":1,"8":0},"b":{"0":[1,1],"1":[0,9]},"_coverageSchema":"43e27e138ebf9cfc5966b082cf9a028302ed4184","hash":"5f9731020317105b8e95f755fef868492edd0df4"}
,"/Users/nicks-bro/Desktop/ah-frontend-space copy/src/containers/SocialAuthView.js": {"path":"/Users/nicks-bro/Desktop/ah-frontend-space copy/src/containers/SocialAuthView.js","statementMap":{"0":{"start":{"line":11,"column":4},"end":{"line":14,"column":5}},"1":{"start":{"line":12,"column":26},"end":{"line":12,"column":36}},"2":{"start":{"line":13,"column":6},"end":{"line":13,"column":24}},"3":{"start":{"line":17,"column":27},"end":{"line":20,"column":5}},"4":{"start":{"line":18,"column":25},"end":{"line":18,"column":35}},"5":{"start":{"line":19,"column":6},"end":{"line":19,"column":48}},"6":{"start":{"line":22,"column":29},"end":{"line":25,"column":5}},"7":{"start":{"line":23,"column":27},"end":{"line":23,"column":37}},"8":{"start":{"line":24,"column":6},"end":{"line":24,"column":44}},"9":{"start":{"line":27,"column":26},"end":{"line":32,"column":5}},"10":{"start":{"line":28,"column":6},"end":{"line":31,"column":9}},"11":{"start":{"line":35,"column":6},"end":{"line":41,"column":8}},"12":{"start":{"line":44,"column":31},"end":{"line":46,"column":2}},"13":{"start":{"line":44,"column":41},"end":{"line":46,"column":1}},"14":{"start":{"line":47,"column":0},"end":{"line":55,"column":2}},"15":{"start":{"line":56,"column":0},"end":{"line":61,"column":2}}},"fnMap":{"0":{"name":"(anonymous_0)","decl":{"start":{"line":10,"column":2},"end":{"line":10,"column":3}},"loc":{"start":{"line":10,"column":39},"end":{"line":15,"column":3}},"line":10},"1":{"name":"(anonymous_1)","decl":{"start":{"line":17,"column":27},"end":{"line":17,"column":28}},"loc":{"start":{"line":17,"column":41},"end":{"line":20,"column":5}},"line":17},"2":{"name":"(anonymous_2)","decl":{"start":{"line":22,"column":29},"end":{"line":22,"column":30}},"loc":{"start":{"line":22,"column":43},"end":{"line":25,"column":5}},"line":22},"3":{"name":"(anonymous_3)","decl":{"start":{"line":27,"column":26},"end":{"line":27,"column":27}},"loc":{"start":{"line":27,"column":40},"end":{"line":32,"column":5}},"line":27},"4":{"name":"(anonymous_4)","decl":{"start":{"line":34,"column":4},"end":{"line":34,"column":5}},"loc":{"start":{"line":34,"column":13},"end":{"line":42,"column":5}},"line":34},"5":{"name":"(anonymous_5)","decl":{"start":{"line":44,"column":31},"end":{"line":44,"column":32}},"loc":{"start":{"line":44,"column":41},"end":{"line":46,"column":1}},"line":44},"6":{"name":"(anonymous_6)","decl":{"start":{"line":57,"column":8},"end":{"line":57,"column":9}},"loc":{"start":{"line":57,"column":14},"end":{"line":57,"column":16}},"line":57}},"branchMap":{"0":{"loc":{"start":{"line":11,"column":4},"end":{"line":14,"column":5}},"type":"if","locations":[{"start":{"line":11,"column":4},"end":{"line":14,"column":5}},{"start":{"line":11,"column":4},"end":{"line":14,"column":5}}],"line":11}},"s":{"0":2,"1":1,"2":1,"3":6,"4":1,"5":1,"6":6,"7":1,"8":1,"9":6,"10":1,"11":8,"12":7,"13":0,"14":7,"15":7},"f":{"0":2,"1":1,"2":1,"3":1,"4":8,"5":0,"6":0},"b":{"0":[1,1]},"_coverageSchema":"43e27e138ebf9cfc5966b082cf9a028302ed4184","hash":"c19c7e489c16368c81c3c802ce45975a9a975210"}
,"/Users/nicks-bro/Desktop/ah-frontend-space copy/src/containers/passwordReset/ConfirmEmailPage.js": {"path":"/Users/nicks-bro/Desktop/ah-frontend-space copy/src/containers/passwordReset/ConfirmEmailPage.js","statementMap":{"0":{"start":{"line":9,"column":10},"end":{"line":13,"column":3}},"1":{"start":{"line":15,"column":20},"end":{"line":26,"column":3}},"2":{"start":{"line":16,"column":21},"end":{"line":16,"column":31}},"3":{"start":{"line":17,"column":23},"end":{"line":20,"column":5}},"4":{"start":{"line":21,"column":4},"end":{"line":25,"column":7}},"5":{"start":{"line":28,"column":20},"end":{"line":33,"column":3}},"6":{"start":{"line":29,"column":24},"end":{"line":29,"column":34}},"7":{"start":{"line":30,"column":21},"end":{"line":30,"column":31}},"8":{"start":{"line":31,"column":4},"end":{"line":31,"column":27}},"9":{"start":{"line":32,"column":4},"end":{"line":32,"column":31}},"10":{"start":{"line":36,"column":22},"end":{"line":36,"column":32}},"11":{"start":{"line":37,"column":24},"end":{"line":37,"column":34}},"12":{"start":{"line":38,"column":4},"end":{"line":61,"column":6}},"13":{"start":{"line":65,"column":0},"end":{"line":68,"column":2}},"14":{"start":{"line":70,"column":31},"end":{"line":73,"column":2}},"15":{"start":{"line":70,"column":41},"end":{"line":73,"column":1}},"16":{"start":{"line":75,"column":34},"end":{"line":77,"column":2}},"17":{"start":{"line":75,"column":47},"end":{"line":77,"column":1}}},"fnMap":{"0":{"name":"(anonymous_0)","decl":{"start":{"line":15,"column":20},"end":{"line":15,"column":21}},"loc":{"start":{"line":15,"column":31},"end":{"line":26,"column":3}},"line":15},"1":{"name":"(anonymous_1)","decl":{"start":{"line":28,"column":20},"end":{"line":28,"column":21}},"loc":{"start":{"line":28,"column":31},"end":{"line":33,"column":3}},"line":28},"2":{"name":"(anonymous_2)","decl":{"start":{"line":35,"column":2},"end":{"line":35,"column":3}},"loc":{"start":{"line":35,"column":11},"end":{"line":62,"column":3}},"line":35},"3":{"name":"(anonymous_3)","decl":{"start":{"line":70,"column":31},"end":{"line":70,"column":32}},"loc":{"start":{"line":70,"column":41},"end":{"line":73,"column":1}},"line":70},"4":{"name":"(anonymous_4)","decl":{"start":{"line":75,"column":34},"end":{"line":75,"column":35}},"loc":{"start":{"line":75,"column":47},"end":{"line":77,"column":1}},"line":75}},"branchMap":{},"s":{"0":3,"1":3,"2":1,"3":1,"4":1,"5":3,"6":1,"7":1,"8":1,"9":1,"10":8,"11":8,"12":8,"13":4,"14":4,"15":1,"16":4,"17":1},"f":{"0":1,"1":1,"2":8,"3":1,"4":1},"b":{},"_coverageSchema":"43e27e138ebf9cfc5966b082cf9a028302ed4184","hash":"94698cebc0f77eb5cde2222778591186c3d4f1d4"}
,"/Users/nicks-bro/Desktop/ah-frontend-space copy/src/containers/passwordReset/ResetPasswordPage.js": {"path":"/Users/nicks-bro/Desktop/ah-frontend-space copy/src/containers/passwordReset/ResetPasswordPage.js","statementMap":{"0":{"start":{"line":10,"column":10},"end":{"line":15,"column":3}},"1":{"start":{"line":17,"column":20},"end":{"line":26,"column":3}},"2":{"start":{"line":18,"column":21},"end":{"line":18,"column":31}},"3":{"start":{"line":19,"column":26},"end":{"line":22,"column":5}},"4":{"start":{"line":23,"column":4},"end":{"line":25,"column":7}},"5":{"start":{"line":28,"column":16},"end":{"line":37,"column":3}},"6":{"start":{"line":29,"column":4},"end":{"line":29,"column":20}},"7":{"start":{"line":30,"column":47},"end":{"line":30,"column":57}},"8":{"start":{"line":31,"column":18},"end":{"line":31,"column":22}},"9":{"start":{"line":32,"column":4},"end":{"line":35,"column":5}},"10":{"start":{"line":33,"column":6},"end":{"line":33,"column":54}},"11":{"start":{"line":34,"column":6},"end":{"line":34,"column":22}},"12":{"start":{"line":36,"column":4},"end":{"line":36,"column":19}},"13":{"start":{"line":39,"column":20},"end":{"line":54,"column":3}},"14":{"start":{"line":40,"column":43},"end":{"line":40,"column":53}},"15":{"start":{"line":41,"column":21},"end":{"line":41,"column":31}},"16":{"start":{"line":42,"column":22},"end":{"line":45,"column":5}},"17":{"start":{"line":46,"column":4},"end":{"line":46,"column":27}},"18":{"start":{"line":47,"column":4},"end":{"line":53,"column":5}},"19":{"start":{"line":48,"column":6},"end":{"line":52,"column":10}},"20":{"start":{"line":57,"column":47},"end":{"line":57,"column":57}},"21":{"start":{"line":58,"column":24},"end":{"line":58,"column":34}},"22":{"start":{"line":59,"column":4},"end":{"line":83,"column":6}},"23":{"start":{"line":87,"column":0},"end":{"line":92,"column":2}},"24":{"start":{"line":94,"column":0},"end":{"line":97,"column":2}},"25":{"start":{"line":99,"column":31},"end":{"line":102,"column":2}},"26":{"start":{"line":99,"column":41},"end":{"line":102,"column":1}},"27":{"start":{"line":104,"column":34},"end":{"line":106,"column":2}},"28":{"start":{"line":104,"column":47},"end":{"line":106,"column":1}}},"fnMap":{"0":{"name":"(anonymous_0)","decl":{"start":{"line":17,"column":20},"end":{"line":17,"column":21}},"loc":{"start":{"line":17,"column":31},"end":{"line":26,"column":3}},"line":17},"1":{"name":"(anonymous_1)","decl":{"start":{"line":28,"column":16},"end":{"line":28,"column":17}},"loc":{"start":{"line":28,"column":22},"end":{"line":37,"column":3}},"line":28},"2":{"name":"(anonymous_2)","decl":{"start":{"line":39,"column":20},"end":{"line":39,"column":21}},"loc":{"start":{"line":39,"column":31},"end":{"line":54,"column":3}},"line":39},"3":{"name":"(anonymous_3)","decl":{"start":{"line":56,"column":2},"end":{"line":56,"column":3}},"loc":{"start":{"line":56,"column":11},"end":{"line":84,"column":3}},"line":56},"4":{"name":"(anonymous_4)","decl":{"start":{"line":99,"column":31},"end":{"line":99,"column":32}},"loc":{"start":{"line":99,"column":41},"end":{"line":102,"column":1}},"line":99},"5":{"name":"(anonymous_5)","decl":{"start":{"line":104,"column":34},"end":{"line":104,"column":35}},"loc":{"start":{"line":104,"column":47},"end":{"line":106,"column":1}},"line":104}},"branchMap":{"0":{"loc":{"start":{"line":32,"column":4},"end":{"line":35,"column":5}},"type":"if","locations":[{"start":{"line":32,"column":4},"end":{"line":35,"column":5}},{"start":{"line":32,"column":4},"end":{"line":35,"column":5}}],"line":32},"1":{"loc":{"start":{"line":47,"column":4},"end":{"line":53,"column":5}},"type":"if","locations":[{"start":{"line":47,"column":4},"end":{"line":53,"column":5}},{"start":{"line":47,"column":4},"end":{"line":53,"column":5}}],"line":47}},"s":{"0":5,"1":5,"2":1,"3":1,"4":1,"5":5,"6":3,"7":3,"8":3,"9":3,"10":1,"11":1,"12":3,"13":5,"14":1,"15":1,"16":1,"17":1,"18":1,"19":1,"20":11,"21":11,"22":11,"23":4,"24":4,"25":4,"26":1,"27":4,"28":1},"f":{"0":1,"1":3,"2":1,"3":11,"4":1,"5":1},"b":{"0":[1,2],"1":[1,0]},"_coverageSchema":"43e27e138ebf9cfc5966b082cf9a028302ed4184","hash":"eb60a309f7ae5b38f85aa1a9bd92fa99657c432e"}
,"/Users/nicks-bro/Desktop/ah-frontend-space copy/src/containers/profile/EditProfile.js": {"path":"/Users/nicks-bro/Desktop/ah-frontend-space copy/src/containers/profile/EditProfile.js","statementMap":{"0":{"start":{"line":15,"column":4},"end":{"line":15,"column":17}},"1":{"start":{"line":16,"column":4},"end":{"line":24,"column":6}},"2":{"start":{"line":28,"column":51},"end":{"line":28,"column":61}},"3":{"start":{"line":29,"column":4},"end":{"line":29,"column":19}},"4":{"start":{"line":36,"column":8},"end":{"line":36,"column":33}},"5":{"start":{"line":37,"column":4},"end":{"line":46,"column":5}},"6":{"start":{"line":38,"column":6},"end":{"line":45,"column":9}},"7":{"start":{"line":49,"column":14},"end":{"line":51,"column":3}},"8":{"start":{"line":50,"column":4},"end":{"line":50,"column":43}},"9":{"start":{"line":53,"column":17},"end":{"line":56,"column":3}},"10":{"start":{"line":54,"column":4},"end":{"line":54,"column":27}},"11":{"start":{"line":55,"column":4},"end":{"line":55,"column":63}},"12":{"start":{"line":58,"column":17},"end":{"line":75,"column":3}},"13":{"start":{"line":59,"column":4},"end":{"line":59,"column":27}},"14":{"start":{"line":60,"column":4},"end":{"line":60,"column":21}},"15":{"start":{"line":63,"column":8},"end":{"line":63,"column":18}},"16":{"start":{"line":65,"column":24},"end":{"line":72,"column":5}},"17":{"start":{"line":73,"column":32},"end":{"line":73,"column":42}},"18":{"start":{"line":74,"column":4},"end":{"line":74,"column":45}},"19":{"start":{"line":106,"column":8},"end":{"line":106,"column":18}},"20":{"start":{"line":107,"column":4},"end":{"line":122,"column":6}},"21":{"start":{"line":118,"column":32},"end":{"line":118,"column":68}},"22":{"start":{"line":126,"column":31},"end":{"line":128,"column":2}},"23":{"start":{"line":126,"column":41},"end":{"line":128,"column":1}},"24":{"start":{"line":130,"column":0},"end":{"line":132,"column":2}},"25":{"start":{"line":134,"column":0},"end":{"line":136,"column":13}}},"fnMap":{"0":{"name":"(anonymous_0)","decl":{"start":{"line":14,"column":2},"end":{"line":14,"column":3}},"loc":{"start":{"line":14,"column":21},"end":{"line":25,"column":3}},"line":14},"1":{"name":"(anonymous_1)","decl":{"start":{"line":27,"column":2},"end":{"line":27,"column":3}},"loc":{"start":{"line":27,"column":22},"end":{"line":30,"column":3}},"line":27},"2":{"name":"(anonymous_2)","decl":{"start":{"line":33,"column":2},"end":{"line":33,"column":3}},"loc":{"start":{"line":33,"column":39},"end":{"line":47,"column":3}},"line":33},"3":{"name":"(anonymous_3)","decl":{"start":{"line":49,"column":14},"end":{"line":49,"column":15}},"loc":{"start":{"line":49,"column":20},"end":{"line":51,"column":3}},"line":49},"4":{"name":"(anonymous_4)","decl":{"start":{"line":53,"column":17},"end":{"line":53,"column":18}},"loc":{"start":{"line":53,"column":28},"end":{"line":56,"column":3}},"line":53},"5":{"name":"(anonymous_5)","decl":{"start":{"line":58,"column":17},"end":{"line":58,"column":18}},"loc":{"start":{"line":58,"column":28},"end":{"line":75,"column":3}},"line":58},"6":{"name":"(anonymous_6)","decl":{"start":{"line":103,"column":2},"end":{"line":103,"column":3}},"loc":{"start":{"line":103,"column":11},"end":{"line":123,"column":3}},"line":103},"7":{"name":"(anonymous_7)","decl":{"start":{"line":118,"column":23},"end":{"line":118,"column":24}},"loc":{"start":{"line":118,"column":32},"end":{"line":118,"column":68}},"line":118},"8":{"name":"(anonymous_8)","decl":{"start":{"line":126,"column":31},"end":{"line":126,"column":32}},"loc":{"start":{"line":126,"column":41},"end":{"line":128,"column":1}},"line":126},"9":{"name":"(anonymous_9)","decl":{"start":{"line":131,"column":16},"end":{"line":131,"column":17}},"loc":{"start":{"line":131,"column":22},"end":{"line":131,"column":24}},"line":131}},"branchMap":{"0":{"loc":{"start":{"line":37,"column":4},"end":{"line":46,"column":5}},"type":"if","locations":[{"start":{"line":37,"column":4},"end":{"line":46,"column":5}},{"start":{"line":37,"column":4},"end":{"line":46,"column":5}}],"line":37}},"s":{"0":4,"1":4,"2":4,"3":4,"4":1,"5":1,"6":1,"7":4,"8":1,"9":4,"10":1,"11":1,"12":4,"13":1,"14":1,"15":1,"16":1,"17":1,"18":1,"19":7,"20":7,"21":0,"22":5,"23":2,"24":5,"25":5},"f":{"0":4,"1":4,"2":1,"3":1,"4":1,"5":1,"6":7,"7":0,"8":2,"9":0},"b":{"0":[1,0]},"_coverageSchema":"43e27e138ebf9cfc5966b082cf9a028302ed4184","hash":"7ea09c8a0c63ca602bd98900433b74ca9ffa9745"}
,"/Users/nicks-bro/Desktop/ah-frontend-space copy/src/containers/profile/index.js": {"path":"/Users/nicks-bro/Desktop/ah-frontend-space copy/src/containers/profile/index.js","statementMap":{"0":{"start":{"line":13,"column":29},"end":{"line":13,"column":39}},"1":{"start":{"line":14,"column":4},"end":{"line":14,"column":19}},"2":{"start":{"line":18,"column":24},"end":{"line":18,"column":34}},"3":{"start":{"line":19,"column":4},"end":{"line":19,"column":52}},"4":{"start":{"line":23,"column":31},"end":{"line":27,"column":1}},"5":{"start":{"line":24,"column":2},"end":{"line":26,"column":3}},"6":{"start":{"line":29,"column":0},"end":{"line":33,"column":2}}},"fnMap":{"0":{"name":"(anonymous_0)","decl":{"start":{"line":12,"column":2},"end":{"line":12,"column":3}},"loc":{"start":{"line":12,"column":22},"end":{"line":15,"column":3}},"line":12},"1":{"name":"(anonymous_1)","decl":{"start":{"line":17,"column":2},"end":{"line":17,"column":3}},"loc":{"start":{"line":17,"column":11},"end":{"line":20,"column":3}},"line":17},"2":{"name":"(anonymous_2)","decl":{"start":{"line":23,"column":31},"end":{"line":23,"column":32}},"loc":{"start":{"line":24,"column":2},"end":{"line":26,"column":3}},"line":24}},"branchMap":{},"s":{"0":2,"1":2,"2":2,"3":2,"4":4,"5":1,"6":4},"f":{"0":2,"1":2,"2":1},"b":{},"_coverageSchema":"43e27e138ebf9cfc5966b082cf9a028302ed4184","hash":"f957c2713006f366c72ee8d307edffe42debd878"}
,"/Users/nicks-bro/Desktop/ah-frontend-space copy/src/containers/signIn/SignInPage.js": {"path":"/Users/nicks-bro/Desktop/ah-frontend-space copy/src/containers/signIn/SignInPage.js","statementMap":{"0":{"start":{"line":10,"column":10},"end":{"line":18,"column":3}},"1":{"start":{"line":20,"column":20},"end":{"line":34,"column":3}},"2":{"start":{"line":21,"column":21},"end":{"line":21,"column":31}},"3":{"start":{"line":22,"column":20},"end":{"line":25,"column":5}},"4":{"start":{"line":26,"column":4},"end":{"line":33,"column":7}},"5":{"start":{"line":36,"column":20},"end":{"line":58,"column":3}},"6":{"start":{"line":37,"column":33},"end":{"line":37,"column":43}},"7":{"start":{"line":38,"column":29},"end":{"line":38,"column":39}},"8":{"start":{"line":40,"column":4},"end":{"line":40,"column":27}},"9":{"start":{"line":41,"column":4},"end":{"line":41,"column":37}},"10":{"start":{"line":41,"column":30},"end":{"line":41,"column":37}},"11":{"start":{"line":42,"column":4},"end":{"line":57,"column":9}},"12":{"start":{"line":45,"column":8},"end":{"line":45,"column":26}},"13":{"start":{"line":46,"column":8},"end":{"line":48,"column":11}},"14":{"start":{"line":51,"column":26},"end":{"line":51,"column":39}},"15":{"start":{"line":52,"column":8},"end":{"line":54,"column":11}},"16":{"start":{"line":55,"column":26},"end":{"line":55,"column":62}},"17":{"start":{"line":56,"column":8},"end":{"line":56,"column":45}},"18":{"start":{"line":61,"column":50},"end":{"line":61,"column":60}},"19":{"start":{"line":63,"column":4},"end":{"line":66,"column":5}},"20":{"start":{"line":64,"column":6},"end":{"line":64,"column":42}},"21":{"start":{"line":65,"column":6},"end":{"line":65,"column":27}},"22":{"start":{"line":67,"column":4},"end":{"line":70,"column":5}},"23":{"start":{"line":68,"column":6},"end":{"line":68,"column":47}},"24":{"start":{"line":69,"column":6},"end":{"line":69,"column":27}},"25":{"start":{"line":72,"column":4},"end":{"line":72,"column":42}},"26":{"start":{"line":73,"column":4},"end":{"line":73,"column":30}},"27":{"start":{"line":75,"column":4},"end":{"line":75,"column":25}},"28":{"start":{"line":79,"column":50},"end":{"line":79,"column":60}},"29":{"start":{"line":80,"column":24},"end":{"line":80,"column":34}},"30":{"start":{"line":82,"column":4},"end":{"line":102,"column":6}},"31":{"start":{"line":106,"column":0},"end":{"line":110,"column":2}},"32":{"start":{"line":112,"column":0},"end":{"line":114,"column":2}},"33":{"start":{"line":117,"column":2},"end":{"line":121,"column":4}},"34":{"start":{"line":125,"column":2},"end":{"line":127,"column":4}}},"fnMap":{"0":{"name":"(anonymous_0)","decl":{"start":{"line":20,"column":20},"end":{"line":20,"column":21}},"loc":{"start":{"line":20,"column":31},"end":{"line":34,"column":3}},"line":20},"1":{"name":"(anonymous_1)","decl":{"start":{"line":36,"column":20},"end":{"line":36,"column":21}},"loc":{"start":{"line":36,"column":31},"end":{"line":58,"column":3}},"line":36},"2":{"name":"(anonymous_2)","decl":{"start":{"line":44,"column":12},"end":{"line":44,"column":13}},"loc":{"start":{"line":44,"column":18},"end":{"line":49,"column":7}},"line":44},"3":{"name":"(anonymous_3)","decl":{"start":{"line":50,"column":13},"end":{"line":50,"column":14}},"loc":{"start":{"line":50,"column":32},"end":{"line":57,"column":7}},"line":50},"4":{"name":"(anonymous_4)","decl":{"start":{"line":60,"column":2},"end":{"line":60,"column":3}},"loc":{"start":{"line":60,"column":18},"end":{"line":76,"column":3}},"line":60},"5":{"name":"(anonymous_5)","decl":{"start":{"line":78,"column":2},"end":{"line":78,"column":3}},"loc":{"start":{"line":78,"column":11},"end":{"line":103,"column":3}},"line":78},"6":{"name":"mapStateToProps","decl":{"start":{"line":116,"column":16},"end":{"line":116,"column":31}},"loc":{"start":{"line":116,"column":39},"end":{"line":122,"column":1}},"line":116},"7":{"name":"mapDispatchToProps","decl":{"start":{"line":124,"column":16},"end":{"line":124,"column":34}},"loc":{"start":{"line":124,"column":45},"end":{"line":128,"column":1}},"line":124}},"branchMap":{"0":{"loc":{"start":{"line":41,"column":4},"end":{"line":41,"column":37}},"type":"if","locations":[{"start":{"line":41,"column":4},"end":{"line":41,"column":37}},{"start":{"line":41,"column":4},"end":{"line":41,"column":37}}],"line":41},"1":{"loc":{"start":{"line":63,"column":4},"end":{"line":66,"column":5}},"type":"if","locations":[{"start":{"line":63,"column":4},"end":{"line":66,"column":5}},{"start":{"line":63,"column":4},"end":{"line":66,"column":5}}],"line":63},"2":{"loc":{"start":{"line":67,"column":4},"end":{"line":70,"column":5}},"type":"if","locations":[{"start":{"line":67,"column":4},"end":{"line":70,"column":5}},{"start":{"line":67,"column":4},"end":{"line":70,"column":5}}],"line":67}},"s":{"0":1,"1":1,"2":1,"3":1,"4":1,"5":1,"6":1,"7":1,"8":1,"9":1,"10":0,"11":1,"12":1,"13":0,"14":1,"15":1,"16":1,"17":1,"18":3,"19":3,"20":1,"21":1,"22":3,"23":1,"24":1,"25":3,"26":3,"27":3,"28":9,"29":9,"30":9,"31":4,"32":4,"33":1,"34":2},"f":{"0":1,"1":1,"2":1,"3":1,"4":3,"5":9,"6":1,"7":2},"b":{"0":[0,1],"1":[1,2],"2":[1,2]},"_coverageSchema":"43e27e138ebf9cfc5966b082cf9a028302ed4184","hash":"34d6491803b4d08b3fe3c1599a286268b713016a"}
,"/Users/nicks-bro/Desktop/ah-frontend-space copy/src/firebase/firebase.config.js": {"path":"/Users/nicks-bro/Desktop/ah-frontend-space copy/src/firebase/firebase.config.js","statementMap":{"0":{"start":{"line":4,"column":23},"end":{"line":12,"column":1}},"1":{"start":{"line":14,"column":0},"end":{"line":14,"column":39}}},"fnMap":{},"branchMap":{},"s":{"0":5,"1":5},"f":{},"b":{},"_coverageSchema":"43e27e138ebf9cfc5966b082cf9a028302ed4184","hash":"e779299b75b38da27edfeb692dde1e9f52747086"}
,"/Users/nicks-bro/Desktop/ah-frontend-space copy/src/reducers/indexReducer.js": {"path":"/Users/nicks-bro/Desktop/ah-frontend-space copy/src/reducers/indexReducer.js","statementMap":{"0":{"start":{"line":3,"column":21},"end":{"line":3,"column":23}},"1":{"start":{"line":8,"column":2},"end":{"line":17,"column":3}},"2":{"start":{"line":10,"column":6},"end":{"line":14,"column":8}},"3":{"start":{"line":16,"column":6},"end":{"line":16,"column":19}}},"fnMap":{"0":{"name":"(anonymous_0)","decl":{"start":{"line":5,"column":15},"end":{"line":5,"column":16}},"loc":{"start":{"line":7,"column":5},"end":{"line":18,"column":1}},"line":7}},"branchMap":{"0":{"loc":{"start":{"line":6,"column":2},"end":{"line":6,"column":22}},"type":"default-arg","locations":[{"start":{"line":6,"column":10},"end":{"line":6,"column":22}}],"line":6},"1":{"loc":{"start":{"line":8,"column":2},"end":{"line":17,"column":3}},"type":"switch","locations":[{"start":{"line":9,"column":4},"end":{"line":14,"column":8}},{"start":{"line":15,"column":4},"end":{"line":16,"column":19}}],"line":8}},"s":{"0":3,"1":8,"2":1,"3":7},"f":{"0":8},"b":{"0":[6],"1":[1,7]},"_coverageSchema":"43e27e138ebf9cfc5966b082cf9a028302ed4184","hash":"fba5b8e48a5d0d6af2050c251a43761cac05aa17"}
,"/Users/nicks-bro/Desktop/ah-frontend-space copy/src/reducers/profileReducer.js": {"path":"/Users/nicks-bro/Desktop/ah-frontend-space copy/src/reducers/profileReducer.js","statementMap":{"0":{"start":{"line":1,"column":21},"end":{"line":6,"column":1}},"1":{"start":{"line":9,"column":23},"end":{"line":28,"column":1}},"2":{"start":{"line":10,"column":2},"end":{"line":27,"column":3}},"3":{"start":{"line":12,"column":6},"end":{"line":12,"column":41}},"4":{"start":{"line":14,"column":6},"end":{"line":16,"column":9}},"5":{"start":{"line":18,"column":6},"end":{"line":20,"column":9}},"6":{"start":{"line":22,"column":6},"end":{"line":24,"column":8}},"7":{"start":{"line":26,"column":6},"end":{"line":26,"column":19}}},"fnMap":{"0":{"name":"(anonymous_0)","decl":{"start":{"line":9,"column":23},"end":{"line":9,"column":24}},"loc":{"start":{"line":9,"column":57},"end":{"line":28,"column":1}},"line":9}},"branchMap":{"0":{"loc":{"start":{"line":9,"column":24},"end":{"line":9,"column":44}},"type":"default-arg","locations":[{"start":{"line":9,"column":32},"end":{"line":9,"column":44}}],"line":9},"1":{"loc":{"start":{"line":10,"column":2},"end":{"line":27,"column":3}},"type":"switch","locations":[{"start":{"line":11,"column":4},"end":{"line":12,"column":41}},{"start":{"line":13,"column":4},"end":{"line":16,"column":9}},{"start":{"line":17,"column":4},"end":{"line":20,"column":9}},{"start":{"line":21,"column":4},"end":{"line":24,"column":8}},{"start":{"line":25,"column":4},"end":{"line":26,"column":19}}],"line":10}},"s":{"0":3,"1":3,"2":11,"3":1,"4":1,"5":1,"6":1,"7":7},"f":{"0":11},"b":{"0":[6],"1":[1,1,1,1,7]},"_coverageSchema":"43e27e138ebf9cfc5966b082cf9a028302ed4184","hash":"b9a0a0293d01eb38c3167c5c44e8a49aaed73ca2"}
,"/Users/nicks-bro/Desktop/ah-frontend-space copy/src/reducers/rootReducer.js": {"path":"/Users/nicks-bro/Desktop/ah-frontend-space copy/src/reducers/rootReducer.js","statementMap":{},"fnMap":{},"branchMap":{},"s":{},"f":{},"b":{},"_coverageSchema":"43e27e138ebf9cfc5966b082cf9a028302ed4184","hash":"62eae7131adcfb3bced802fab0498568e9213705"}
,"/Users/nicks-bro/Desktop/ah-frontend-space copy/src/reducers/signupReducer.js": {"path":"/Users/nicks-bro/Desktop/ah-frontend-space copy/src/reducers/signupReducer.js","statementMap":{"0":{"start":{"line":3,"column":21},"end":{"line":7,"column":1}},"1":{"start":{"line":8,"column":22},"end":{"line":33,"column":1}},"2":{"start":{"line":9,"column":2},"end":{"line":32,"column":3}},"3":{"start":{"line":11,"column":6},"end":{"line":15,"column":8}},"4":{"start":{"line":17,"column":6},"end":{"line":22,"column":8}},"5":{"start":{"line":24,"column":6},"end":{"line":29,"column":8}},"6":{"start":{"line":31,"column":6},"end":{"line":31,"column":19}}},"fnMap":{"0":{"name":"(anonymous_0)","decl":{"start":{"line":8,"column":22},"end":{"line":8,"column":23}},"loc":{"start":{"line":8,"column":56},"end":{"line":33,"column":1}},"line":8}},"branchMap":{"0":{"loc":{"start":{"line":8,"column":23},"end":{"line":8,"column":43}},"type":"default-arg","locations":[{"start":{"line":8,"column":31},"end":{"line":8,"column":43}}],"line":8},"1":{"loc":{"start":{"line":9,"column":2},"end":{"line":32,"column":3}},"type":"switch","locations":[{"start":{"line":10,"column":4},"end":{"line":15,"column":8}},{"start":{"line":16,"column":4},"end":{"line":22,"column":8}},{"start":{"line":23,"column":4},"end":{"line":29,"column":8}},{"start":{"line":30,"column":4},"end":{"line":31,"column":19}}],"line":9}},"s":{"0":3,"1":3,"2":10,"3":1,"4":1,"5":1,"6":7},"f":{"0":10},"b":{"0":[10],"1":[1,1,1,7]},"_coverageSchema":"43e27e138ebf9cfc5966b082cf9a028302ed4184","hash":"8ff87ddc2ff6a7de6b64675c6b1b3247ad9dff64"}
,"/Users/nicks-bro/Desktop/ah-frontend-space copy/src/reducers/socialAuthReducer.js": {"path":"/Users/nicks-bro/Desktop/ah-frontend-space copy/src/reducers/socialAuthReducer.js","statementMap":{"0":{"start":{"line":3,"column":21},"end":{"line":7,"column":1}},"1":{"start":{"line":9,"column":26},"end":{"line":37,"column":1}},"2":{"start":{"line":10,"column":2},"end":{"line":36,"column":3}},"3":{"start":{"line":12,"column":6},"end":{"line":16,"column":8}},"4":{"start":{"line":18,"column":6},"end":{"line":21,"column":8}},"5":{"start":{"line":23,"column":6},"end":{"line":27,"column":8}},"6":{"start":{"line":29,"column":6},"end":{"line":32,"column":8}},"7":{"start":{"line":35,"column":6},"end":{"line":35,"column":19}}},"fnMap":{"0":{"name":"(anonymous_0)","decl":{"start":{"line":9,"column":26},"end":{"line":9,"column":27}},"loc":{"start":{"line":9,"column":60},"end":{"line":37,"column":1}},"line":9}},"branchMap":{"0":{"loc":{"start":{"line":9,"column":27},"end":{"line":9,"column":47}},"type":"default-arg","locations":[{"start":{"line":9,"column":35},"end":{"line":9,"column":47}}],"line":9},"1":{"loc":{"start":{"line":10,"column":2},"end":{"line":36,"column":3}},"type":"switch","locations":[{"start":{"line":11,"column":4},"end":{"line":16,"column":8}},{"start":{"line":17,"column":4},"end":{"line":21,"column":8}},{"start":{"line":22,"column":4},"end":{"line":27,"column":8}},{"start":{"line":28,"column":4},"end":{"line":32,"column":8}},{"start":{"line":34,"column":4},"end":{"line":35,"column":19}}],"line":10}},"s":{"0":3,"1":3,"2":11,"3":1,"4":1,"5":1,"6":1,"7":7},"f":{"0":11},"b":{"0":[11],"1":[1,1,1,1,7]},"_coverageSchema":"43e27e138ebf9cfc5966b082cf9a028302ed4184","hash":"5eeea61f6cd0e5bfd8ab66258ae8163b10804cf8"}
,"/Users/nicks-bro/Desktop/ah-frontend-space copy/src/reducers/apiStatusReducers/apiStatusReducers.js": {"path":"/Users/nicks-bro/Desktop/ah-frontend-space copy/src/reducers/apiStatusReducers/apiStatusReducers.js","statementMap":{"0":{"start":{"line":3,"column":21},"end":{"line":5,"column":1}},"1":{"start":{"line":8,"column":2},"end":{"line":8,"column":56}},"2":{"start":{"line":14,"column":2},"end":{"line":16,"column":3}},"3":{"start":{"line":15,"column":4},"end":{"line":15,"column":21}},"4":{"start":{"line":16,"column":4},"end":{"line":18,"column":3}},"5":{"start":{"line":17,"column":4},"end":{"line":17,"column":21}},"6":{"start":{"line":19,"column":2},"end":{"line":21,"column":3}},"7":{"start":{"line":20,"column":4},"end":{"line":20,"column":21}},"8":{"start":{"line":22,"column":2},"end":{"line":22,"column":15}}},"fnMap":{"0":{"name":"actionTypeEndsInSuccess","decl":{"start":{"line":7,"column":9},"end":{"line":7,"column":32}},"loc":{"start":{"line":7,"column":39},"end":{"line":9,"column":1}},"line":7},"1":{"name":"apiCallStatusReducer","decl":{"start":{"line":11,"column":24},"end":{"line":11,"column":44}},"loc":{"start":{"line":13,"column":2},"end":{"line":23,"column":1}},"line":13}},"branchMap":{"0":{"loc":{"start":{"line":12,"column":2},"end":{"line":12,"column":41}},"type":"default-arg","locations":[{"start":{"line":12,"column":10},"end":{"line":12,"column":41}}],"line":12},"1":{"loc":{"start":{"line":14,"column":2},"end":{"line":16,"column":3}},"type":"if","locations":[{"start":{"line":14,"column":2},"end":{"line":16,"column":3}},{"start":{"line":14,"column":2},"end":{"line":16,"column":3}}],"line":14},"2":{"loc":{"start":{"line":16,"column":4},"end":{"line":18,"column":3}},"type":"if","locations":[{"start":{"line":16,"column":4},"end":{"line":18,"column":3}},{"start":{"line":16,"column":4},"end":{"line":18,"column":3}}],"line":16},"3":{"loc":{"start":{"line":19,"column":2},"end":{"line":21,"column":3}},"type":"if","locations":[{"start":{"line":19,"column":2},"end":{"line":21,"column":3}},{"start":{"line":19,"column":2},"end":{"line":21,"column":3}}],"line":19}},"s":{"0":3,"1":8,"2":9,"3":1,"4":8,"5":1,"6":7,"7":1,"8":6},"f":{"0":8,"1":9},"b":{"0":[6],"1":[1,8],"2":[1,7],"3":[1,6]},"_coverageSchema":"43e27e138ebf9cfc5966b082cf9a028302ed4184","hash":"8f41ee526837d0bc0cb9069de64cfedb11d579d8"}
,"/Users/nicks-bro/Desktop/ah-frontend-space copy/src/reducers/articleReducer/articleDetailReducer.js": {"path":"/Users/nicks-bro/Desktop/ah-frontend-space copy/src/reducers/articleReducer/articleDetailReducer.js","statementMap":{"0":{"start":{"line":3,"column":21},"end":{"line":5,"column":1}},"1":{"start":{"line":7,"column":29},"end":{"line":22,"column":1}},"2":{"start":{"line":8,"column":2},"end":{"line":21,"column":3}},"3":{"start":{"line":10,"column":6},"end":{"line":13,"column":8}},"4":{"start":{"line":15,"column":6},"end":{"line":18,"column":8}},"5":{"start":{"line":20,"column":6},"end":{"line":20,"column":19}}},"fnMap":{"0":{"name":"(anonymous_0)","decl":{"start":{"line":7,"column":29},"end":{"line":7,"column":30}},"loc":{"start":{"line":7,"column":63},"end":{"line":22,"column":1}},"line":7}},"branchMap":{"0":{"loc":{"start":{"line":7,"column":30},"end":{"line":7,"column":50}},"type":"default-arg","locations":[{"start":{"line":7,"column":38},"end":{"line":7,"column":50}}],"line":7},"1":{"loc":{"start":{"line":8,"column":2},"end":{"line":21,"column":3}},"type":"switch","locations":[{"start":{"line":9,"column":4},"end":{"line":13,"column":8}},{"start":{"line":14,"column":4},"end":{"line":18,"column":8}},{"start":{"line":19,"column":4},"end":{"line":20,"column":19}}],"line":8}},"s":{"0":3,"1":3,"2":9,"3":1,"4":1,"5":7},"f":{"0":9},"b":{"0":[9],"1":[1,1,7]},"_coverageSchema":"43e27e138ebf9cfc5966b082cf9a028302ed4184","hash":"6a5beb83e0775d953517b30602fdda0e28300fde"}
,"/Users/nicks-bro/Desktop/ah-frontend-space copy/src/reducers/articleReducer/index.js": {"path":"/Users/nicks-bro/Desktop/ah-frontend-space copy/src/reducers/articleReducer/index.js","statementMap":{"0":{"start":{"line":3,"column":21},"end":{"line":5,"column":1}},"1":{"start":{"line":7,"column":23},"end":{"line":22,"column":1}},"2":{"start":{"line":8,"column":2},"end":{"line":21,"column":3}},"3":{"start":{"line":10,"column":6},"end":{"line":13,"column":8}},"4":{"start":{"line":15,"column":6},"end":{"line":18,"column":8}},"5":{"start":{"line":20,"column":6},"end":{"line":20,"column":19}}},"fnMap":{"0":{"name":"(anonymous_0)","decl":{"start":{"line":7,"column":23},"end":{"line":7,"column":24}},"loc":{"start":{"line":7,"column":57},"end":{"line":22,"column":1}},"line":7}},"branchMap":{"0":{"loc":{"start":{"line":7,"column":24},"end":{"line":7,"column":44}},"type":"default-arg","locations":[{"start":{"line":7,"column":32},"end":{"line":7,"column":44}}],"line":7},"1":{"loc":{"start":{"line":8,"column":2},"end":{"line":21,"column":3}},"type":"switch","locations":[{"start":{"line":9,"column":4},"end":{"line":13,"column":8}},{"start":{"line":14,"column":4},"end":{"line":18,"column":8}},{"start":{"line":19,"column":4},"end":{"line":20,"column":19}}],"line":8}},"s":{"0":3,"1":3,"2":9,"3":1,"4":1,"5":7},"f":{"0":9},"b":{"0":[9],"1":[1,1,7]},"_coverageSchema":"43e27e138ebf9cfc5966b082cf9a028302ed4184","hash":"ede63b80828fac3cbc4aa5b7a5cb726e9f18a26b"}
,"/Users/nicks-bro/Desktop/ah-frontend-space copy/src/reducers/passwordResetReducers/passwordResetReducer.js": {"path":"/Users/nicks-bro/Desktop/ah-frontend-space copy/src/reducers/passwordResetReducers/passwordResetReducer.js","statementMap":{"0":{"start":{"line":1,"column":21},"end":{"line":1,"column":23}},"1":{"start":{"line":4,"column":2},"end":{"line":7,"column":3}},"2":{"start":{"line":6,"column":6},"end":{"line":6,"column":19}}},"fnMap":{"0":{"name":"signInReducer","decl":{"start":{"line":3,"column":24},"end":{"line":3,"column":37}},"loc":{"start":{"line":3,"column":68},"end":{"line":8,"column":1}},"line":3}},"branchMap":{"0":{"loc":{"start":{"line":3,"column":38},"end":{"line":3,"column":58}},"type":"default-arg","locations":[{"start":{"line":3,"column":46},"end":{"line":3,"column":58}}],"line":3},"1":{"loc":{"start":{"line":4,"column":2},"end":{"line":7,"column":3}},"type":"switch","locations":[{"start":{"line":5,"column":4},"end":{"line":6,"column":19}}],"line":4}},"s":{"0":3,"1":10,"2":10},"f":{"0":10},"b":{"0":[6],"1":[10]},"_coverageSchema":"43e27e138ebf9cfc5966b082cf9a028302ed4184","hash":"e616fa46fffc667c2e954ede28b4f210932b2b25"}
,"/Users/nicks-bro/Desktop/ah-frontend-space copy/src/reducers/signInReducers/signInReducer.js": {"path":"/Users/nicks-bro/Desktop/ah-frontend-space copy/src/reducers/signInReducers/signInReducer.js","statementMap":{"0":{"start":{"line":3,"column":21},"end":{"line":7,"column":1}},"1":{"start":{"line":10,"column":2},"end":{"line":25,"column":3}},"2":{"start":{"line":12,"column":6},"end":{"line":16,"column":8}},"3":{"start":{"line":18,"column":6},"end":{"line":22,"column":8}},"4":{"start":{"line":24,"column":6},"end":{"line":24,"column":19}}},"fnMap":{"0":{"name":"signInReducer","decl":{"start":{"line":9,"column":24},"end":{"line":9,"column":37}},"loc":{"start":{"line":9,"column":68},"end":{"line":26,"column":1}},"line":9}},"branchMap":{"0":{"loc":{"start":{"line":9,"column":38},"end":{"line":9,"column":58}},"type":"default-arg","locations":[{"start":{"line":9,"column":46},"end":{"line":9,"column":58}}],"line":9},"1":{"loc":{"start":{"line":10,"column":2},"end":{"line":25,"column":3}},"type":"switch","locations":[{"start":{"line":11,"column":4},"end":{"line":16,"column":8}},{"start":{"line":17,"column":4},"end":{"line":22,"column":8}},{"start":{"line":23,"column":4},"end":{"line":24,"column":19}}],"line":10}},"s":{"0":3,"1":9,"2":1,"3":1,"4":7},"f":{"0":9},"b":{"0":[6],"1":[1,1,7]},"_coverageSchema":"43e27e138ebf9cfc5966b082cf9a028302ed4184","hash":"e2e412d4a4110f31b0e11b0dcf88295bad95f5f4"}
,"/Users/nicks-bro/Desktop/ah-frontend-space copy/src/routes/Authenticated.js": {"path":"/Users/nicks-bro/Desktop/ah-frontend-space copy/src/routes/Authenticated.js","statementMap":{"0":{"start":{"line":5,"column":29},"end":{"line":8,"column":1}},"1":{"start":{"line":5,"column":42},"end":{"line":8,"column":1}},"2":{"start":{"line":5,"column":52},"end":{"line":7,"column":29}}},"fnMap":{"0":{"name":"(anonymous_0)","decl":{"start":{"line":5,"column":29},"end":{"line":5,"column":30}},"loc":{"start":{"line":5,"column":42},"end":{"line":8,"column":1}},"line":5},"1":{"name":"(anonymous_1)","decl":{"start":{"line":5,"column":42},"end":{"line":5,"column":43}},"loc":{"start":{"line":5,"column":52},"end":{"line":7,"column":29}},"line":5}},"branchMap":{"0":{"loc":{"start":{"line":5,"column":52},"end":{"line":7,"column":29}},"type":"cond-expr","locations":[{"start":{"line":6,"column":4},"end":{"line":6,"column":28}},{"start":{"line":7,"column":4},"end":{"line":7,"column":29}}],"line":5}},"s":{"0":7,"1":11,"2":2},"f":{"0":11,"1":2},"b":{"0":[1,1]},"_coverageSchema":"43e27e138ebf9cfc5966b082cf9a028302ed4184","hash":"9aef9febda8e3c4c58abf8c28296acf63469012a"}
,"/Users/nicks-bro/Desktop/ah-frontend-space copy/src/routes/Routes.js": {"path":"/Users/nicks-bro/Desktop/ah-frontend-space copy/src/routes/Routes.js","statementMap":{"0":{"start":{"line":22,"column":4},"end":{"line":43,"column":6}}},"fnMap":{"0":{"name":"(anonymous_0)","decl":{"start":{"line":21,"column":2},"end":{"line":21,"column":3}},"loc":{"start":{"line":21,"column":11},"end":{"line":44,"column":3}},"line":21}},"branchMap":{},"s":{"0":1},"f":{"0":1},"b":{},"_coverageSchema":"43e27e138ebf9cfc5966b082cf9a028302ed4184","hash":"c4868bc016c04aeab5f7d66c50d14b45bf8ff1bb"}
,"/Users/nicks-bro/Desktop/ah-frontend-space copy/src/utils/SignOut.js": {"path":"/Users/nicks-bro/Desktop/ah-frontend-space copy/src/utils/SignOut.js","statementMap":{"0":{"start":{"line":6,"column":4},"end":{"line":6,"column":27}},"1":{"start":{"line":7,"column":4},"end":{"line":9,"column":6}}},"fnMap":{"0":{"name":"(anonymous_0)","decl":{"start":{"line":5,"column":2},"end":{"line":5,"column":3}},"loc":{"start":{"line":5,"column":11},"end":{"line":10,"column":3}},"line":5}},"branchMap":{},"s":{"0":1,"1":1},"f":{"0":1},"b":{},"_coverageSchema":"43e27e138ebf9cfc5966b082cf9a028302ed4184","hash":"cfdae252d2233b5f367e7727dc0b6edbd9b6e461"}
,"/Users/nicks-bro/Desktop/ah-frontend-space copy/src/utils/history.js": {"path":"/Users/nicks-bro/Desktop/ah-frontend-space copy/src/utils/history.js","statementMap":{},"fnMap":{},"branchMap":{},"s":{},"f":{},"b":{},"hash":"66796f5df84e393f8fa8109e90e5f990d9ce13c3"}
}
