TN:
SF:/Users/nicks-bro/Desktop/ah-frontend-space copy/src/App.js
FN:10,(anonymous_0)
FNF:1
FNH:1
FNDA:1,(anonymous_0)
DA:11,1
LF:1
LH:1
BRF:0
BRH:0
end_of_record
TN:
SF:/Users/nicks-bro/Desktop/ah-frontend-space copy/src/index.js
FNF:0
FNH:0
LF:0
LH:0
BRF:0
BRH:0
end_of_record
TN:
SF:/Users/nicks-bro/Desktop/ah-frontend-space copy/src/store.js
FNF:0
FNH:0
DA:6,2
DA:7,2
DA:8,2
LF:3
LH:3
BRF:0
BRH:0
end_of_record
TN:
SF:/Users/nicks-bro/Desktop/ah-frontend-space copy/src/__test__/mock/data.js
FNF:0
FNH:0
DA:1,4
DA:9,4
DA:14,4
DA:20,4
DA:22,4
LF:5
LH:5
BRF:0
BRH:0
end_of_record
TN:
SF:/Users/nicks-bro/Desktop/ah-frontend-space copy/src/actions/FirstAction.js
FN:3,(anonymous_0)
FNF:1
FNH:1
FNDA:1,(anonymous_0)
DA:3,5
LF:1
LH:1
BRF:0
BRH:0
end_of_record
TN:
SF:/Users/nicks-bro/Desktop/ah-frontend-space copy/src/actions/profileActions.js
FN:5,(anonymous_0)
FN:7,(anonymous_1)
FN:9,(anonymous_2)
FN:11,(anonymous_3)
FN:14,(anonymous_4)
FN:14,(anonymous_5)
FN:25,(anonymous_6)
FN:28,(anonymous_7)
FN:34,(anonymous_8)
FN:34,(anonymous_9)
FN:44,(anonymous_10)
FN:53,(anonymous_11)
FNF:12
FNH:11
FNDA:0,(anonymous_0)
FNDA:1,(anonymous_1)
FNDA:2,(anonymous_2)
FNDA:1,(anonymous_3)
FNDA:2,(anonymous_4)
FNDA:2,(anonymous_5)
FNDA:1,(anonymous_6)
FNDA:1,(anonymous_7)
FNDA:2,(anonymous_8)
FNDA:2,(anonymous_9)
FNDA:1,(anonymous_10)
FNDA:1,(anonymous_11)
DA:5,7
DA:7,7
DA:9,7
DA:11,7
DA:14,7
DA:15,2
DA:16,2
DA:17,2
DA:26,1
DA:29,1
DA:30,1
DA:34,7
DA:45,1
DA:46,1
DA:47,1
DA:54,1
DA:59,1
LF:17
LH:17
BRF:0
BRH:0
end_of_record
TN:
SF:/Users/nicks-bro/Desktop/ah-frontend-space copy/src/actions/signupAction.js
FN:5,(anonymous_0)
FN:10,(anonymous_1)
FN:15,(anonymous_2)
FN:20,(anonymous_3)
FN:20,(anonymous_4)
FN:24,(anonymous_5)
FN:31,(anonymous_6)
FNF:7
FNH:7
FNDA:2,(anonymous_0)
FNDA:1,(anonymous_1)
FNDA:1,(anonymous_2)
FNDA:2,(anonymous_3)
FNDA:2,(anonymous_4)
FNDA:1,(anonymous_5)
FNDA:1,(anonymous_6)
DA:5,5
DA:10,5
DA:15,5
DA:20,5
DA:21,2
DA:22,2
DA:25,1
DA:26,1
DA:27,1
DA:32,1
DA:33,1
DA:34,1
DA:39,1
LF:13
LH:13
BRF:0
BRH:0
end_of_record
TN:
SF:/Users/nicks-bro/Desktop/ah-frontend-space copy/src/actions/socialAuthActions.js
FN:6,(anonymous_0)
FN:6,(anonymous_1)
FN:12,(anonymous_2)
FN:28,(anonymous_3)
FN:36,(anonymous_4)
FN:36,(anonymous_5)
FN:43,(anonymous_6)
FN:60,(anonymous_7)
FNF:8
FNH:8
FNDA:2,(anonymous_0)
FNDA:2,(anonymous_1)
FNDA:1,(anonymous_2)
FNDA:1,(anonymous_3)
FNDA:2,(anonymous_4)
FNDA:2,(anonymous_5)
FNDA:1,(anonymous_6)
FNDA:1,(anonymous_7)
DA:6,8
DA:7,2
DA:10,2
DA:13,1
DA:14,1
DA:15,1
DA:17,1
DA:21,1
DA:29,1
DA:36,8
DA:37,2
DA:41,2
DA:44,1
DA:45,1
DA:46,1
DA:48,1
DA:53,1
DA:61,1
LF:18
LH:18
BRF:0
BRH:0
end_of_record
TN:
SF:/Users/nicks-bro/Desktop/ah-frontend-space copy/src/actions/types.js
FNF:0
FNH:0
DA:1,27
DA:5,27
DA:10,27
DA:14,27
DA:15,27
DA:16,27
DA:18,27
DA:25,27
DA:32,27
DA:37,27
LF:10
LH:10
BRF:0
BRH:0
end_of_record
TN:
SF:/Users/nicks-bro/Desktop/ah-frontend-space copy/src/actions/apiActions/apiStatusActions.js
FN:3,apiCallStart
FN:7,apiCallError
FNF:2
FNH:2
FNDA:6,apiCallStart
FNDA:3,apiCallError
DA:4,6
DA:8,3
LF:2
LH:2
BRF:0
BRH:0
end_of_record
TN:
SF:/Users/nicks-bro/Desktop/ah-frontend-space copy/src/actions/apiActions/apiUtils.js
FN:1,handleResponse
FN:5,handleError
FNF:2
FNH:2
FNDA:6,handleResponse
FNDA:5,handleError
DA:2,6
DA:6,5
LF:2
LH:2
BRF:0
BRH:0
end_of_record
TN:
SF:/Users/nicks-bro/Desktop/ah-frontend-space copy/src/actions/articleActions/articleDetailActions.js
FN:4,(anonymous_0)
FN:4,(anonymous_1)
FN:6,(anonymous_2)
FN:14,(anonymous_3)
FNF:4
FNH:4
FNDA:2,(anonymous_0)
FNDA:2,(anonymous_1)
FNDA:1,(anonymous_2)
FNDA:1,(anonymous_3)
DA:4,5
DA:7,1
DA:15,1
LF:3
LH:3
BRF:0
BRH:0
end_of_record
TN:
SF:/Users/nicks-bro/Desktop/ah-frontend-space copy/src/actions/articleActions/index.js
FN:5,(anonymous_0)
FN:5,(anonymous_1)
FN:7,(anonymous_2)
FN:15,(anonymous_3)
FNF:4
FNH:4
FNDA:2,(anonymous_0)
FNDA:2,(anonymous_1)
FNDA:1,(anonymous_2)
FNDA:1,(anonymous_3)
DA:5,5
DA:8,1
DA:16,1
LF:3
LH:3
BRF:0
BRH:0
end_of_record
TN:
SF:/Users/nicks-bro/Desktop/ah-frontend-space copy/src/actions/passwordResetActions/passwordResetActions.js
FN:7,confirmEmailSuccess
FN:11,resetPasswordSuccess
FN:15,resetPasswordFailure
FN:19,confirmEmail
FN:22,(anonymous_4)
FN:26,(anonymous_5)
FN:32,(anonymous_6)
FN:39,resetPasswordCall
FN:42,(anonymous_8)
FN:46,(anonymous_9)
FN:52,(anonymous_10)
FNF:11
FNH:11
FNDA:4,confirmEmailSuccess
FNDA:4,resetPasswordSuccess
FNDA:2,resetPasswordFailure
FNDA:2,confirmEmail
FNDA:2,(anonymous_4)
FNDA:1,(anonymous_5)
FNDA:1,(anonymous_6)
FNDA:2,resetPasswordCall
FNDA:2,(anonymous_8)
FNDA:1,(anonymous_9)
FNDA:1,(anonymous_10)
DA:8,4
DA:12,4
DA:16,2
DA:20,2
DA:21,2
DA:22,2
DA:23,2
DA:24,2
DA:27,1
DA:28,1
DA:33,1
DA:34,1
DA:40,2
DA:41,2
DA:42,2
DA:43,2
DA:44,2
DA:47,1
DA:48,1
DA:53,1
DA:54,0
LF:21
LH:20
BRF:0
BRH:0
end_of_record
TN:
SF:/Users/nicks-bro/Desktop/ah-frontend-space copy/src/actions/passwordResetActions/passwordResetApi.js
FN:7,confirmEmail
FN:19,resetPassword
FNF:2
FNH:2
FNDA:2,confirmEmail
FNDA:3,resetPassword
DA:5,8
DA:8,2
DA:9,2
DA:13,1
DA:15,1
DA:20,3
DA:21,3
DA:22,2
DA:23,2
DA:24,2
DA:25,2
DA:26,2
DA:31,2
DA:33,1
LF:14
LH:14
BRF:0
BRH:0
end_of_record
TN:
SF:/Users/nicks-bro/Desktop/ah-frontend-space copy/src/actions/siginInActions/signInActions.js
FN:7,signInSuccess
FN:11,signInFailure
FN:15,userSignIn
FN:16,(anonymous_3)
FN:20,(anonymous_4)
FN:29,(anonymous_5)
FNF:6
FNH:6
FNDA:4,signInSuccess
FNDA:3,signInFailure
FNDA:2,userSignIn
FNDA:2,(anonymous_3)
FNDA:1,(anonymous_4)
FNDA:1,(anonymous_5)
DA:8,4
DA:12,3
DA:16,2
DA:17,2
DA:18,2
DA:21,1
DA:22,1
DA:23,1
DA:24,1
DA:25,1
DA:26,1
DA:27,1
DA:30,1
DA:31,1
LF:14
LH:14
BRF:0
BRH:0
end_of_record
TN:
SF:/Users/nicks-bro/Desktop/ah-frontend-space copy/src/actions/siginInActions/signInApi.js
FN:7,signIn
FN:13,(anonymous_1)
FN:14,(anonymous_2)
FNF:3
FNH:3
FNDA:4,signIn
FNDA:2,(anonymous_1)
FNDA:2,(anonymous_2)
DA:5,7
DA:8,4
DA:13,2
DA:14,2
LF:4
LH:4
BRF:0
BRH:0
end_of_record
TN:
SF:/Users/nicks-bro/Desktop/ah-frontend-space copy/src/components/notfound.js
FN:4,(anonymous_0)
FNF:1
FNH:1
FNDA:1,(anonymous_0)
DA:4,4
LF:1
LH:1
BRF:0
BRH:0
end_of_record
TN:
SF:/Users/nicks-bro/Desktop/ah-frontend-space copy/src/components/socialAuth.js
FN:7,(anonymous_0)
FNF:1
FNH:1
FNDA:1,(anonymous_0)
DA:7,8
DA:8,1
DA:9,1
DA:29,8
LF:4
LH:4
BRF:0
BRH:0
end_of_record
TN:
SF:/Users/nicks-bro/Desktop/ah-frontend-space copy/src/components/HomePage/Article.js
FN:7,(anonymous_0)
FN:72,(anonymous_1)
FN:81,(anonymous_2)
FNF:3
FNH:3
FNDA:1,(anonymous_0)
FNDA:1,(anonymous_1)
FNDA:2,(anonymous_2)
DA:7,1
DA:13,1
DA:15,1
DA:20,1
DA:73,1
DA:81,5
DA:84,2
DA:99,5
DA:105,5
DA:109,5
LF:10
LH:10
BRF:0
BRH:0
end_of_record
TN:
SF:/Users/nicks-bro/Desktop/ah-frontend-space copy/src/components/HomePage/Footer.js
FN:5,(anonymous_0)
FNF:1
FNH:1
FNDA:1,(anonymous_0)
DA:6,1
LF:1
LH:1
BRF:0
BRH:0
end_of_record
TN:
SF:/Users/nicks-bro/Desktop/ah-frontend-space copy/src/components/HomePage/Home.js
FN:16,(anonymous_0)
FN:24,(anonymous_1)
FN:33,(anonymous_2)
FN:39,(anonymous_3)
FN:53,(anonymous_4)
FNF:5
FNH:5
FNDA:6,(anonymous_0)
FNDA:3,(anonymous_1)
FNDA:9,(anonymous_2)
FNDA:1,(anonymous_3)
FNDA:1,(anonymous_4)
DA:11,5
DA:17,6
DA:18,6
DA:19,6
DA:25,3
DA:26,3
DA:34,9
DA:35,9
DA:40,1
DA:53,4
DA:54,1
DA:55,1
DA:62,4
DA:67,4
LF:14
LH:14
BRDA:38,0,0,6
BRDA:38,0,1,3
BRDA:39,1,0,1
BRDA:39,1,1,8
BRF:4
BRH:4
end_of_record
TN:
SF:/Users/nicks-bro/Desktop/ah-frontend-space copy/src/components/HomePage/HomeDetail.js
FN:19,(anonymous_0)
FN:28,(anonymous_1)
FN:36,(anonymous_2)
FN:65,(anonymous_3)
FN:78,(anonymous_4)
FNF:5
FNH:4
FNDA:4,(anonymous_0)
FNDA:1,(anonymous_1)
FNDA:5,(anonymous_2)
FNDA:0,(anonymous_3)
FNDA:4,(anonymous_4)
DA:10,3
DA:21,4
DA:22,4
DA:23,4
DA:29,1
DA:30,1
DA:37,5
DA:38,5
DA:65,4
DA:69,4
DA:75,4
LF:11
LH:11
BRDA:42,0,0,4
BRDA:42,0,1,1
BRDA:43,1,0,5
BRDA:43,1,1,0
BRF:4
BRH:3
end_of_record
TN:
SF:/Users/nicks-bro/Desktop/ah-frontend-space copy/src/components/HomePage/Navbar.js
FN:7,(anonymous_0)
FN:16,(anonymous_1)
FN:48,(anonymous_2)
FN:57,(anonymous_3)
FN:65,(anonymous_4)
FN:83,(anonymous_5)
FNF:6
FNH:5
FNDA:14,(anonymous_0)
FNDA:7,(anonymous_1)
FNDA:5,(anonymous_2)
FNDA:2,(anonymous_3)
FNDA:7,(anonymous_4)
FNDA:0,(anonymous_5)
DA:7,4
DA:8,14
DA:16,4
DA:17,7
DA:44,4
DA:49,5
DA:50,5
DA:51,3
DA:58,2
DA:59,2
DA:66,7
DA:67,7
DA:73,4
DA:78,4
DA:83,4
LF:15
LH:15
BRDA:31,0,0,5
BRDA:31,0,1,2
BRDA:50,1,0,3
BRDA:50,1,1,2
BRDA:58,2,0,2
BRDA:58,2,1,0
BRDA:58,3,0,2
BRDA:58,3,1,0
BRF:8
BRH:6
end_of_record
TN:
SF:/Users/nicks-bro/Desktop/ah-frontend-space copy/src/components/HomePage/Tags.js
FN:4,(anonymous_0)
FN:11,(anonymous_1)
FN:28,(anonymous_2)
FNF:3
FNH:3
FNDA:8,(anonymous_0)
FNDA:1,(anonymous_1)
FNDA:1,(anonymous_2)
DA:4,5
DA:5,8
DA:11,5
DA:12,1
DA:29,1
LF:5
LH:5
BRF:0
BRH:0
end_of_record
TN:
SF:/Users/nicks-bro/Desktop/ah-frontend-space copy/src/components/HomePage/articleDetails.js
FN:7,(anonymous_0)
FN:63,(anonymous_1)
FN:72,(anonymous_2)
FNF:3
FNH:3
FNDA:1,(anonymous_0)
FNDA:1,(anonymous_1)
FNDA:2,(anonymous_2)
DA:7,1
DA:8,1
DA:10,1
DA:15,1
DA:64,1
DA:72,5
DA:75,2
DA:90,5
DA:96,5
DA:100,5
LF:10
LH:10
BRDA:55,0,0,0
BRDA:55,0,1,1
BRF:2
BRH:1
end_of_record
TN:
SF:/Users/nicks-bro/Desktop/ah-frontend-space copy/src/components/common/Headers.js
FNF:0
FNH:0
LF:0
LH:0
BRF:0
BRH:0
end_of_record
TN:
SF:/Users/nicks-bro/Desktop/ah-frontend-space copy/src/components/common/Input.js
FN:5,(anonymous_0)
FN:51,(anonymous_1)
FNF:2
FNH:1
FNDA:2,(anonymous_0)
FNDA:0,(anonymous_1)
DA:5,12
DA:8,2
DA:9,2
DA:11,2
DA:35,12
DA:48,12
LF:6
LH:6
BRF:0
BRH:0
end_of_record
TN:
SF:/Users/nicks-bro/Desktop/ah-frontend-space copy/src/components/passwordReset/ConfirmEmailForm.js
FN:6,(anonymous_0)
FNF:1
FNH:1
FNDA:2,(anonymous_0)
DA:6,5
DA:11,2
DA:46,5
DA:53,5
LF:4
LH:4
BRDA:22,0,0,1
BRDA:22,0,1,1
BRF:2
BRH:2
end_of_record
TN:
SF:/Users/nicks-bro/Desktop/ah-frontend-space copy/src/components/passwordReset/ResetPasswordForm.js
FN:6,(anonymous_0)
FNF:1
FNH:1
FNDA:2,(anonymous_0)
DA:6,5
DA:9,2
DA:52,5
DA:60,5
LF:4
LH:4
BRDA:28,0,0,1
BRDA:28,0,1,1
BRF:2
BRH:2
end_of_record
TN:
SF:/Users/nicks-bro/Desktop/ah-frontend-space copy/src/components/profile/ProfileEdit.js
FN:7,buttons
FN:26,inputs
FN:36,ProfileEditComponent
FNF:3
FNH:3
FNDA:1,buttons
FNDA:3,inputs
FNDA:1,ProfileEditComponent
DA:8,1
DA:27,3
DA:40,1
DA:98,6
DA:111,6
LF:5
LH:5
BRDA:13,0,0,1
BRDA:13,0,1,0
BRDA:14,1,0,1
BRDA:14,1,1,0
BRDA:15,2,0,1
BRDA:15,2,1,1
BRDA:52,3,0,1
BRDA:52,3,1,0
BRF:8
BRH:5
end_of_record
TN:
SF:/Users/nicks-bro/Desktop/ah-frontend-space copy/src/components/profile/ProfileFetch.js
FN:8,SubContent
FN:23,ProfileComponentContent
FN:85,ProfileComponent
FNF:3
FNH:3
FNDA:12,SubContent
FNDA:2,ProfileComponentContent
FNDA:2,ProfileComponent
DA:9,12
DA:24,2
DA:25,2
DA:86,2
DA:87,2
DA:94,6
LF:6
LH:6
BRDA:39,0,0,2
BRDA:39,0,1,0
BRF:2
BRH:1
end_of_record
TN:
SF:/Users/nicks-bro/Desktop/ah-frontend-space copy/src/components/signIn/SignInForm.js
FN:9,(anonymous_0)
FNF:1
FNH:1
FNDA:3,(anonymous_0)
DA:9,5
DA:17,3
DA:98,5
DA:107,5
LF:4
LH:4
BRDA:27,0,0,3
BRDA:27,0,1,3
BRDA:27,0,2,3
BRDA:45,1,0,3
BRDA:45,1,1,3
BRDA:45,1,2,3
BRDA:66,2,0,1
BRDA:66,2,1,2
BRF:8
BRH:8
end_of_record
TN:
SF:/Users/nicks-bro/Desktop/ah-frontend-space copy/src/containers/Hello.js
FN:8,(anonymous_0)
FN:13,(anonymous_1)
FN:22,(anonymous_2)
FNF:3
FNH:3
FNDA:2,(anonymous_0)
FNDA:2,(anonymous_1)
FNDA:2,(anonymous_2)
DA:9,2
DA:10,2
DA:14,2
DA:22,4
DA:26,4
LF:5
LH:5
BRF:0
BRH:0
end_of_record
TN:
SF:/Users/nicks-bro/Desktop/ah-frontend-space copy/src/containers/SignupForm.js
FN:13,inputcontent
FN:28,(anonymous_1)
FN:39,(anonymous_2)
FN:46,(anonymous_3)
FN:53,(anonymous_4)
FN:68,(anonymous_5)
FN:109,(anonymous_6)
FN:122,(anonymous_7)
FN:139,(anonymous_8)
FNF:9
FNH:8
FNDA:27,inputcontent
FNDA:6,(anonymous_1)
FNDA:2,(anonymous_2)
FNDA:1,(anonymous_3)
FNDA:1,(anonymous_4)
FNDA:9,(anonymous_5)
FNDA:9,(anonymous_6)
FNDA:1,(anonymous_7)
FNDA:0,(anonymous_8)
DA:14,27
DA:29,6
DA:30,6
DA:36,6
DA:40,2
DA:41,1
DA:42,1
DA:46,6
DA:47,1
DA:48,1
DA:53,6
DA:54,1
DA:55,1
DA:59,1
DA:60,1
DA:65,1
DA:68,6
DA:69,9
DA:112,9
DA:113,9
DA:114,9
DA:122,4
DA:123,1
DA:124,1
DA:130,4
DA:138,4
LF:26
LH:26
BRDA:40,0,0,1
BRDA:40,0,1,1
BRDA:81,1,0,0
BRDA:81,1,1,9
BRF:4
BRH:3
end_of_record
TN:
SF:/Users/nicks-bro/Desktop/ah-frontend-space copy/src/containers/SocialAuthView.js
FN:10,(anonymous_0)
FN:17,(anonymous_1)
FN:22,(anonymous_2)
FN:27,(anonymous_3)
FN:34,(anonymous_4)
FN:44,(anonymous_5)
FN:57,(anonymous_6)
FNF:7
FNH:5
FNDA:2,(anonymous_0)
FNDA:1,(anonymous_1)
FNDA:1,(anonymous_2)
FNDA:1,(anonymous_3)
FNDA:8,(anonymous_4)
FNDA:0,(anonymous_5)
FNDA:0,(anonymous_6)
DA:11,2
DA:12,1
DA:13,1
DA:17,6
DA:18,1
DA:19,1
DA:22,6
DA:23,1
DA:24,1
DA:27,6
DA:28,1
DA:35,8
DA:44,7
DA:47,7
DA:56,7
LF:15
LH:15
BRDA:11,0,0,1
BRDA:11,0,1,1
BRF:2
BRH:2
end_of_record
TN:
SF:/Users/nicks-bro/Desktop/ah-frontend-space copy/src/containers/passwordReset/ConfirmEmailPage.js
FN:15,(anonymous_0)
FN:28,(anonymous_1)
FN:35,(anonymous_2)
FN:70,(anonymous_3)
FN:75,(anonymous_4)
FNF:5
FNH:5
FNDA:1,(anonymous_0)
FNDA:1,(anonymous_1)
FNDA:8,(anonymous_2)
FNDA:1,(anonymous_3)
FNDA:1,(anonymous_4)
DA:9,3
DA:15,3
DA:16,1
DA:17,1
DA:21,1
DA:28,3
DA:29,1
DA:30,1
DA:31,1
DA:32,1
DA:36,8
DA:37,8
DA:38,8
DA:65,4
DA:70,4
DA:75,4
LF:16
LH:16
BRF:0
BRH:0
end_of_record
TN:
SF:/Users/nicks-bro/Desktop/ah-frontend-space copy/src/containers/passwordReset/ResetPasswordPage.js
FN:17,(anonymous_0)
FN:28,(anonymous_1)
FN:39,(anonymous_2)
FN:56,(anonymous_3)
FN:99,(anonymous_4)
FN:104,(anonymous_5)
FNF:6
FNH:6
FNDA:1,(anonymous_0)
FNDA:3,(anonymous_1)
FNDA:1,(anonymous_2)
FNDA:11,(anonymous_3)
FNDA:1,(anonymous_4)
FNDA:1,(anonymous_5)
DA:10,5
DA:17,5
DA:18,1
DA:19,1
DA:23,1
DA:28,5
DA:29,3
DA:30,3
DA:31,3
DA:32,3
DA:33,1
DA:34,1
DA:36,3
DA:39,5
DA:40,1
DA:41,1
DA:42,1
DA:46,1
DA:47,1
DA:48,1
DA:57,11
DA:58,11
DA:59,11
DA:87,4
DA:94,4
DA:99,4
DA:104,4
LF:27
LH:27
BRDA:32,0,0,1
BRDA:32,0,1,2
BRDA:47,1,0,1
BRDA:47,1,1,0
BRF:4
BRH:3
end_of_record
TN:
SF:/Users/nicks-bro/Desktop/ah-frontend-space copy/src/containers/profile/EditProfile.js
FN:14,(anonymous_0)
FN:27,(anonymous_1)
FN:33,(anonymous_2)
FN:49,(anonymous_3)
FN:53,(anonymous_4)
FN:58,(anonymous_5)
FN:103,(anonymous_6)
FN:118,(anonymous_7)
FN:126,(anonymous_8)
FN:131,(anonymous_9)
FNF:10
FNH:8
FNDA:4,(anonymous_0)
FNDA:4,(anonymous_1)
FNDA:1,(anonymous_2)
FNDA:1,(anonymous_3)
FNDA:1,(anonymous_4)
FNDA:1,(anonymous_5)
FNDA:7,(anonymous_6)
FNDA:0,(anonymous_7)
FNDA:2,(anonymous_8)
FNDA:0,(anonymous_9)
DA:15,4
DA:16,4
DA:28,4
DA:29,4
DA:36,1
DA:37,1
DA:38,1
DA:49,4
DA:50,1
DA:53,4
DA:54,1
DA:55,1
DA:58,4
DA:59,1
DA:60,1
DA:63,1
DA:65,1
DA:73,1
DA:74,1
DA:106,7
DA:107,7
DA:118,0
DA:126,5
DA:130,5
DA:134,5
LF:25
LH:24
BRDA:37,0,0,1
BRDA:37,0,1,0
BRF:2
BRH:1
end_of_record
TN:
SF:/Users/nicks-bro/Desktop/ah-frontend-space copy/src/containers/profile/index.js
FN:12,(anonymous_0)
FN:17,(anonymous_1)
FN:23,(anonymous_2)
FNF:3
FNH:3
FNDA:2,(anonymous_0)
FNDA:2,(anonymous_1)
FNDA:1,(anonymous_2)
DA:13,2
DA:14,2
DA:18,2
DA:19,2
DA:23,4
DA:24,1
DA:29,4
LF:7
LH:7
BRF:0
BRH:0
end_of_record
TN:
SF:/Users/nicks-bro/Desktop/ah-frontend-space copy/src/containers/signIn/SignInPage.js
FN:20,(anonymous_0)
FN:36,(anonymous_1)
FN:44,(anonymous_2)
FN:50,(anonymous_3)
FN:60,(anonymous_4)
FN:78,(anonymous_5)
FN:116,mapStateToProps
FN:124,mapDispatchToProps
FNF:8
FNH:8
FNDA:1,(anonymous_0)
FNDA:1,(anonymous_1)
FNDA:1,(anonymous_2)
FNDA:1,(anonymous_3)
FNDA:3,(anonymous_4)
FNDA:9,(anonymous_5)
FNDA:1,mapStateToProps
FNDA:2,mapDispatchToProps
DA:10,1
DA:20,1
DA:21,1
DA:22,1
DA:26,1
DA:36,1
DA:37,1
DA:38,1
DA:40,1
DA:41,1
DA:42,1
DA:45,1
DA:46,0
DA:51,1
DA:52,1
DA:55,1
DA:56,1
DA:61,3
DA:63,3
DA:64,1
DA:65,1
DA:67,3
DA:68,1
DA:69,1
DA:72,3
DA:73,3
DA:75,3
DA:79,9
DA:80,9
DA:82,9
DA:106,4
DA:112,4
DA:117,1
DA:125,2
LF:34
LH:33
BRDA:41,0,0,0
BRDA:41,0,1,1
BRDA:63,1,0,1
BRDA:63,1,1,2
BRDA:67,2,0,1
BRDA:67,2,1,2
BRF:6
BRH:5
end_of_record
TN:
SF:/Users/nicks-bro/Desktop/ah-frontend-space copy/src/firebase/firebase.config.js
FNF:0
FNH:0
DA:4,5
DA:14,5
LF:2
LH:2
BRF:0
BRH:0
end_of_record
TN:
SF:/Users/nicks-bro/Desktop/ah-frontend-space copy/src/reducers/indexReducer.js
FN:5,(anonymous_0)
FNF:1
FNH:1
FNDA:8,(anonymous_0)
DA:3,3
DA:8,8
DA:10,1
DA:16,7
LF:4
LH:4
BRDA:6,0,0,6
BRDA:8,1,0,1
BRDA:8,1,1,7
BRF:3
BRH:3
end_of_record
TN:
SF:/Users/nicks-bro/Desktop/ah-frontend-space copy/src/reducers/profileReducer.js
FN:9,(anonymous_0)
FNF:1
FNH:1
FNDA:11,(anonymous_0)
DA:1,3
DA:9,3
DA:10,11
DA:12,1
DA:14,1
DA:18,1
DA:22,1
DA:26,7
LF:8
LH:8
BRDA:9,0,0,6
BRDA:10,1,0,1
BRDA:10,1,1,1
BRDA:10,1,2,1
BRDA:10,1,3,1
BRDA:10,1,4,7
BRF:6
BRH:6
end_of_record
TN:
SF:/Users/nicks-bro/Desktop/ah-frontend-space copy/src/reducers/rootReducer.js
FNF:0
FNH:0
LF:0
LH:0
BRF:0
BRH:0
end_of_record
TN:
SF:/Users/nicks-bro/Desktop/ah-frontend-space copy/src/reducers/signupReducer.js
FN:8,(anonymous_0)
FNF:1
FNH:1
FNDA:10,(anonymous_0)
DA:3,3
DA:8,3
DA:9,10
DA:11,1
DA:17,1
DA:24,1
DA:31,7
LF:7
LH:7
BRDA:8,0,0,10
BRDA:9,1,0,1
BRDA:9,1,1,1
BRDA:9,1,2,1
BRDA:9,1,3,7
BRF:5
BRH:5
end_of_record
TN:
SF:/Users/nicks-bro/Desktop/ah-frontend-space copy/src/reducers/socialAuthReducer.js
FN:9,(anonymous_0)
FNF:1
FNH:1
FNDA:11,(anonymous_0)
DA:3,3
DA:9,3
DA:10,11
DA:12,1
DA:18,1
DA:23,1
DA:29,1
DA:35,7
LF:8
LH:8
BRDA:9,0,0,11
BRDA:10,1,0,1
BRDA:10,1,1,1
BRDA:10,1,2,1
BRDA:10,1,3,1
BRDA:10,1,4,7
BRF:6
BRH:6
end_of_record
TN:
SF:/Users/nicks-bro/Desktop/ah-frontend-space copy/src/reducers/apiStatusReducers/apiStatusReducers.js
FN:7,actionTypeEndsInSuccess
FN:11,apiCallStatusReducer
FNF:2
FNH:2
FNDA:8,actionTypeEndsInSuccess
FNDA:9,apiCallStatusReducer
DA:3,3
DA:8,8
DA:14,9
DA:15,1
DA:16,8
DA:17,1
DA:19,7
DA:20,1
DA:22,6
LF:9
LH:9
BRDA:12,0,0,6
BRDA:14,1,0,1
BRDA:14,1,1,8
BRDA:16,2,0,1
BRDA:16,2,1,7
BRDA:19,3,0,1
BRDA:19,3,1,6
BRF:7
BRH:7
end_of_record
TN:
SF:/Users/nicks-bro/Desktop/ah-frontend-space copy/src/reducers/articleReducer/articleDetailReducer.js
FN:7,(anonymous_0)
FNF:1
FNH:1
FNDA:9,(anonymous_0)
DA:3,3
DA:7,3
DA:8,9
DA:10,1
DA:15,1
DA:20,7
LF:6
LH:6
BRDA:7,0,0,9
BRDA:8,1,0,1
BRDA:8,1,1,1
BRDA:8,1,2,7
BRF:4
BRH:4
end_of_record
TN:
SF:/Users/nicks-bro/Desktop/ah-frontend-space copy/src/reducers/articleReducer/index.js
FN:7,(anonymous_0)
FNF:1
FNH:1
FNDA:9,(anonymous_0)
DA:3,3
DA:7,3
DA:8,9
DA:10,1
DA:15,1
DA:20,7
LF:6
LH:6
BRDA:7,0,0,9
BRDA:8,1,0,1
BRDA:8,1,1,1
BRDA:8,1,2,7
BRF:4
BRH:4
end_of_record
TN:
SF:/Users/nicks-bro/Desktop/ah-frontend-space copy/src/reducers/passwordResetReducers/passwordResetReducer.js
FN:3,signInReducer
FNF:1
FNH:1
FNDA:10,signInReducer
DA:1,3
DA:4,10
DA:6,10
LF:3
LH:3
BRDA:3,0,0,6
BRDA:4,1,0,10
BRF:2
BRH:2
end_of_record
TN:
SF:/Users/nicks-bro/Desktop/ah-frontend-space copy/src/reducers/signInReducers/signInReducer.js
FN:9,signInReducer
FNF:1
FNH:1
FNDA:9,signInReducer
DA:3,3
DA:10,9
DA:12,1
DA:18,1
DA:24,7
LF:5
LH:5
BRDA:9,0,0,6
BRDA:10,1,0,1
BRDA:10,1,1,1
BRDA:10,1,2,7
BRF:4
BRH:4
end_of_record
TN:
SF:/Users/nicks-bro/Desktop/ah-frontend-space copy/src/routes/Authenticated.js
FN:5,(anonymous_0)
FN:5,(anonymous_1)
FNF:2
FNH:2
FNDA:11,(anonymous_0)
FNDA:2,(anonymous_1)
DA:5,11
LF:1
LH:1
BRDA:5,0,0,1
BRDA:5,0,1,1
BRF:2
BRH:2
end_of_record
TN:
SF:/Users/nicks-bro/Desktop/ah-frontend-space copy/src/routes/Routes.js
FN:21,(anonymous_0)
FNF:1
FNH:1
FNDA:1,(anonymous_0)
DA:22,1
LF:1
LH:1
BRF:0
BRH:0
end_of_record
TN:
SF:/Users/nicks-bro/Desktop/ah-frontend-space copy/src/utils/SignOut.js
FN:5,(anonymous_0)
FNF:1
FNH:1
FNDA:1,(anonymous_0)
DA:6,1
DA:7,1
LF:2
LH:2
BRF:0
BRH:0
end_of_record
TN:
SF:/Users/nicks-bro/Desktop/ah-frontend-space copy/src/utils/history.js
FNF:0
FNH:0
LF:0
LH:0
BRF:0
BRH:0
end_of_record
